{"/home/erich/IdeaProjects/Teacher_Platform/BA_Frontend/src/App.js": {"path":"/home/erich/IdeaProjects/Teacher_Platform/BA_Frontend/src/App.js","statementMap":{"0":{"start":{"line":22,"column":4},"end":{"line":22,"column":16}},"1":{"start":{"line":26,"column":4},"end":{"line":26,"column":16}},"2":{"start":{"line":30,"column":4},"end":{"line":52,"column":6}}},"fnMap":{"0":{"name":"BoardModerator","decl":{"start":{"line":21,"column":9},"end":{"line":21,"column":23}},"loc":{"start":{"line":21,"column":26},"end":{"line":23,"column":1}},"line":21},"1":{"name":"BoardAdmin","decl":{"start":{"line":25,"column":9},"end":{"line":25,"column":19}},"loc":{"start":{"line":25,"column":22},"end":{"line":27,"column":1}},"line":25},"2":{"name":"App","decl":{"start":{"line":29,"column":9},"end":{"line":29,"column":12}},"loc":{"start":{"line":29,"column":15},"end":{"line":53,"column":1}},"line":29}},"branchMap":{},"s":{"0":0,"1":0,"2":0},"f":{"0":0,"1":0,"2":0},"b":{}}
,"/home/erich/IdeaProjects/Teacher_Platform/BA_Frontend/src/index.js": {"path":"/home/erich/IdeaProjects/Teacher_Platform/BA_Frontend/src/index.js","statementMap":{"0":{"start":{"line":11,"column":13},"end":{"line":11,"column":65}},"1":{"start":{"line":12,"column":0},"end":{"line":18,"column":2}}},"fnMap":{},"branchMap":{},"s":{"0":0,"1":0},"f":{},"b":{}}
,"/home/erich/IdeaProjects/Teacher_Platform/BA_Frontend/src/reportWebVitals.js": {"path":"/home/erich/IdeaProjects/Teacher_Platform/BA_Frontend/src/reportWebVitals.js","statementMap":{"0":{"start":{"line":1,"column":24},"end":{"line":11,"column":1}},"1":{"start":{"line":2,"column":2},"end":{"line":10,"column":3}},"2":{"start":{"line":3,"column":4},"end":{"line":9,"column":7}},"3":{"start":{"line":4,"column":6},"end":{"line":4,"column":26}},"4":{"start":{"line":5,"column":6},"end":{"line":5,"column":26}},"5":{"start":{"line":6,"column":6},"end":{"line":6,"column":26}},"6":{"start":{"line":7,"column":6},"end":{"line":7,"column":26}},"7":{"start":{"line":8,"column":6},"end":{"line":8,"column":27}}},"fnMap":{"0":{"name":"(anonymous_0)","decl":{"start":{"line":1,"column":24},"end":{"line":1,"column":25}},"loc":{"start":{"line":1,"column":39},"end":{"line":11,"column":1}},"line":1},"1":{"name":"(anonymous_1)","decl":{"start":{"line":3,"column":30},"end":{"line":3,"column":31}},"loc":{"start":{"line":3,"column":79},"end":{"line":9,"column":5}},"line":3}},"branchMap":{"0":{"loc":{"start":{"line":2,"column":2},"end":{"line":10,"column":3}},"type":"if","locations":[{"start":{"line":2,"column":2},"end":{"line":10,"column":3}},{"start":{},"end":{}}],"line":2},"1":{"loc":{"start":{"line":2,"column":6},"end":{"line":2,"column":52}},"type":"binary-expr","locations":[{"start":{"line":2,"column":6},"end":{"line":2,"column":17}},{"start":{"line":2,"column":21},"end":{"line":2,"column":52}}],"line":2}},"s":{"0":0,"1":0,"2":0,"3":0,"4":0,"5":0,"6":0,"7":0},"f":{"0":0,"1":0},"b":{"0":[0,0],"1":[0,0]}}
,"/home/erich/IdeaProjects/Teacher_Platform/BA_Frontend/src/store.js": {"path":"/home/erich/IdeaProjects/Teacher_Platform/BA_Frontend/src/store.js","statementMap":{"0":{"start":{"line":6,"column":19},"end":{"line":6,"column":26}},"1":{"start":{"line":8,"column":14},"end":{"line":11,"column":1}}},"fnMap":{},"branchMap":{},"s":{"0":0,"1":0},"f":{},"b":{}}
,"/home/erich/IdeaProjects/Teacher_Platform/BA_Frontend/src/actions/auth.js": {"path":"/home/erich/IdeaProjects/Teacher_Platform/BA_Frontend/src/actions/auth.js","statementMap":{"0":{"start":{"line":12,"column":24},"end":{"line":46,"column":1}},"1":{"start":{"line":12,"column":55},"end":{"line":46,"column":1}},"2":{"start":{"line":13,"column":4},"end":{"line":45,"column":6}},"3":{"start":{"line":15,"column":12},"end":{"line":17,"column":15}},"4":{"start":{"line":19,"column":12},"end":{"line":22,"column":15}},"5":{"start":{"line":24,"column":12},"end":{"line":24,"column":37}},"6":{"start":{"line":28,"column":16},"end":{"line":32,"column":32}},"7":{"start":{"line":34,"column":12},"end":{"line":36,"column":15}},"8":{"start":{"line":38,"column":12},"end":{"line":41,"column":15}},"9":{"start":{"line":43,"column":12},"end":{"line":43,"column":36}},"10":{"start":{"line":48,"column":21},"end":{"line":78,"column":1}},"11":{"start":{"line":48,"column":45},"end":{"line":78,"column":1}},"12":{"start":{"line":49,"column":4},"end":{"line":77,"column":6}},"13":{"start":{"line":51,"column":12},"end":{"line":54,"column":15}},"14":{"start":{"line":56,"column":12},"end":{"line":56,"column":37}},"15":{"start":{"line":60,"column":16},"end":{"line":64,"column":32}},"16":{"start":{"line":66,"column":12},"end":{"line":68,"column":15}},"17":{"start":{"line":70,"column":12},"end":{"line":73,"column":15}},"18":{"start":{"line":75,"column":12},"end":{"line":75,"column":36}},"19":{"start":{"line":80,"column":22},"end":{"line":86,"column":1}},"20":{"start":{"line":80,"column":28},"end":{"line":86,"column":1}},"21":{"start":{"line":81,"column":4},"end":{"line":81,"column":25}},"22":{"start":{"line":83,"column":4},"end":{"line":85,"column":7}}},"fnMap":{"0":{"name":"(anonymous_0)","decl":{"start":{"line":12,"column":24},"end":{"line":12,"column":25}},"loc":{"start":{"line":12,"column":55},"end":{"line":46,"column":1}},"line":12},"1":{"name":"(anonymous_1)","decl":{"start":{"line":12,"column":55},"end":{"line":12,"column":56}},"loc":{"start":{"line":12,"column":69},"end":{"line":46,"column":1}},"line":12},"2":{"name":"(anonymous_2)","decl":{"start":{"line":14,"column":8},"end":{"line":14,"column":9}},"loc":{"start":{"line":14,"column":22},"end":{"line":25,"column":9}},"line":14},"3":{"name":"(anonymous_3)","decl":{"start":{"line":26,"column":8},"end":{"line":26,"column":9}},"loc":{"start":{"line":26,"column":19},"end":{"line":44,"column":9}},"line":26},"4":{"name":"(anonymous_4)","decl":{"start":{"line":48,"column":21},"end":{"line":48,"column":22}},"loc":{"start":{"line":48,"column":45},"end":{"line":78,"column":1}},"line":48},"5":{"name":"(anonymous_5)","decl":{"start":{"line":48,"column":45},"end":{"line":48,"column":46}},"loc":{"start":{"line":48,"column":59},"end":{"line":78,"column":1}},"line":48},"6":{"name":"(anonymous_6)","decl":{"start":{"line":50,"column":8},"end":{"line":50,"column":9}},"loc":{"start":{"line":50,"column":18},"end":{"line":57,"column":9}},"line":50},"7":{"name":"(anonymous_7)","decl":{"start":{"line":58,"column":8},"end":{"line":58,"column":9}},"loc":{"start":{"line":58,"column":19},"end":{"line":76,"column":9}},"line":58},"8":{"name":"(anonymous_8)","decl":{"start":{"line":80,"column":22},"end":{"line":80,"column":23}},"loc":{"start":{"line":80,"column":28},"end":{"line":86,"column":1}},"line":80},"9":{"name":"(anonymous_9)","decl":{"start":{"line":80,"column":28},"end":{"line":80,"column":29}},"loc":{"start":{"line":80,"column":42},"end":{"line":86,"column":1}},"line":80}},"branchMap":{"0":{"loc":{"start":{"line":28,"column":16},"end":{"line":32,"column":32}},"type":"binary-expr","locations":[{"start":{"line":28,"column":17},"end":{"line":28,"column":31}},{"start":{"line":29,"column":20},"end":{"line":29,"column":39}},{"start":{"line":30,"column":20},"end":{"line":30,"column":47}},{"start":{"line":31,"column":16},"end":{"line":31,"column":29}},{"start":{"line":32,"column":16},"end":{"line":32,"column":32}}],"line":28},"1":{"loc":{"start":{"line":60,"column":16},"end":{"line":64,"column":32}},"type":"binary-expr","locations":[{"start":{"line":60,"column":17},"end":{"line":60,"column":31}},{"start":{"line":61,"column":20},"end":{"line":61,"column":39}},{"start":{"line":62,"column":20},"end":{"line":62,"column":47}},{"start":{"line":63,"column":16},"end":{"line":63,"column":29}},{"start":{"line":64,"column":16},"end":{"line":64,"column":32}}],"line":60}},"s":{"0":0,"1":0,"2":0,"3":0,"4":0,"5":0,"6":0,"7":0,"8":0,"9":0,"10":0,"11":0,"12":0,"13":0,"14":0,"15":0,"16":0,"17":0,"18":0,"19":0,"20":0,"21":0,"22":0},"f":{"0":0,"1":0,"2":0,"3":0,"4":0,"5":0,"6":0,"7":0,"8":0,"9":0},"b":{"0":[0,0,0,0,0],"1":[0,0,0,0,0]}}
,"/home/erich/IdeaProjects/Teacher_Platform/BA_Frontend/src/actions/message.js": {"path":"/home/erich/IdeaProjects/Teacher_Platform/BA_Frontend/src/actions/message.js","statementMap":{"0":{"start":{"line":3,"column":26},"end":{"line":6,"column":2}},"1":{"start":{"line":3,"column":40},"end":{"line":6,"column":1}},"2":{"start":{"line":8,"column":28},"end":{"line":10,"column":2}},"3":{"start":{"line":8,"column":35},"end":{"line":10,"column":1}}},"fnMap":{"0":{"name":"(anonymous_0)","decl":{"start":{"line":3,"column":26},"end":{"line":3,"column":27}},"loc":{"start":{"line":3,"column":40},"end":{"line":6,"column":1}},"line":3},"1":{"name":"(anonymous_1)","decl":{"start":{"line":8,"column":28},"end":{"line":8,"column":29}},"loc":{"start":{"line":8,"column":35},"end":{"line":10,"column":1}},"line":8}},"branchMap":{},"s":{"0":0,"1":0,"2":0,"3":0},"f":{"0":0,"1":0},"b":{}}
,"/home/erich/IdeaProjects/Teacher_Platform/BA_Frontend/src/actions/types.js": {"path":"/home/erich/IdeaProjects/Teacher_Platform/BA_Frontend/src/actions/types.js","statementMap":{"0":{"start":{"line":1,"column":32},"end":{"line":1,"column":50}},"1":{"start":{"line":2,"column":29},"end":{"line":2,"column":44}},"2":{"start":{"line":3,"column":29},"end":{"line":3,"column":44}},"3":{"start":{"line":4,"column":26},"end":{"line":4,"column":38}},"4":{"start":{"line":5,"column":22},"end":{"line":5,"column":30}},"5":{"start":{"line":7,"column":27},"end":{"line":7,"column":40}},"6":{"start":{"line":8,"column":29},"end":{"line":8,"column":44}}},"fnMap":{},"branchMap":{},"s":{"0":0,"1":0,"2":0,"3":0,"4":0,"5":0,"6":0},"f":{},"b":{}}
,"/home/erich/IdeaProjects/Teacher_Platform/BA_Frontend/src/components/CreateLesson.js": {"path":"/home/erich/IdeaProjects/Teacher_Platform/BA_Frontend/src/components/CreateLesson.js","statementMap":{"0":{"start":{"line":11,"column":21},"end":{"line":470,"column":1}},"1":{"start":{"line":12,"column":34},"end":{"line":12,"column":68}},"2":{"start":{"line":12,"column":57},"end":{"line":12,"column":67}},"3":{"start":{"line":14,"column":19},"end":{"line":14,"column":32}},"4":{"start":{"line":16,"column":21},"end":{"line":16,"column":34}},"5":{"start":{"line":18,"column":17},"end":{"line":18,"column":25}},"6":{"start":{"line":20,"column":28},"end":{"line":20,"column":40}},"7":{"start":{"line":21,"column":34},"end":{"line":21,"column":46}},"8":{"start":{"line":22,"column":30},"end":{"line":22,"column":41}},"9":{"start":{"line":23,"column":32},"end":{"line":23,"column":44}},"10":{"start":{"line":24,"column":30},"end":{"line":24,"column":42}},"11":{"start":{"line":25,"column":42},"end":{"line":25,"column":54}},"12":{"start":{"line":26,"column":30},"end":{"line":26,"column":42}},"13":{"start":{"line":27,"column":40},"end":{"line":27,"column":52}},"14":{"start":{"line":28,"column":46},"end":{"line":28,"column":58}},"15":{"start":{"line":29,"column":44},"end":{"line":29,"column":56}},"16":{"start":{"line":30,"column":38},"end":{"line":30,"column":50}},"17":{"start":{"line":31,"column":36},"end":{"line":31,"column":48}},"18":{"start":{"line":32,"column":36},"end":{"line":32,"column":51}},"19":{"start":{"line":34,"column":42},"end":{"line":34,"column":54}},"20":{"start":{"line":35,"column":40},"end":{"line":35,"column":52}},"21":{"start":{"line":38,"column":25},"end":{"line":41,"column":5}},"22":{"start":{"line":39,"column":21},"end":{"line":39,"column":35}},"23":{"start":{"line":40,"column":8},"end":{"line":40,"column":22}},"24":{"start":{"line":43,"column":28},"end":{"line":46,"column":5}},"25":{"start":{"line":44,"column":24},"end":{"line":44,"column":38}},"26":{"start":{"line":45,"column":8},"end":{"line":45,"column":28}},"27":{"start":{"line":48,"column":26},"end":{"line":51,"column":5}},"28":{"start":{"line":49,"column":22},"end":{"line":49,"column":36}},"29":{"start":{"line":50,"column":8},"end":{"line":50,"column":24}},"30":{"start":{"line":53,"column":27},"end":{"line":56,"column":5}},"31":{"start":{"line":54,"column":23},"end":{"line":54,"column":37}},"32":{"start":{"line":55,"column":8},"end":{"line":55,"column":26}},"33":{"start":{"line":58,"column":26},"end":{"line":61,"column":5}},"34":{"start":{"line":59,"column":22},"end":{"line":59,"column":36}},"35":{"start":{"line":60,"column":8},"end":{"line":60,"column":24}},"36":{"start":{"line":63,"column":32},"end":{"line":66,"column":5}},"37":{"start":{"line":64,"column":28},"end":{"line":64,"column":42}},"38":{"start":{"line":65,"column":8},"end":{"line":65,"column":36}},"39":{"start":{"line":68,"column":26},"end":{"line":71,"column":5}},"40":{"start":{"line":69,"column":22},"end":{"line":69,"column":36}},"41":{"start":{"line":70,"column":8},"end":{"line":70,"column":24}},"42":{"start":{"line":73,"column":31},"end":{"line":76,"column":5}},"43":{"start":{"line":74,"column":27},"end":{"line":74,"column":41}},"44":{"start":{"line":75,"column":8},"end":{"line":75,"column":34}},"45":{"start":{"line":78,"column":34},"end":{"line":81,"column":5}},"46":{"start":{"line":79,"column":30},"end":{"line":79,"column":44}},"47":{"start":{"line":80,"column":8},"end":{"line":80,"column":40}},"48":{"start":{"line":83,"column":33},"end":{"line":86,"column":5}},"49":{"start":{"line":84,"column":20},"end":{"line":84,"column":34}},"50":{"start":{"line":85,"column":8},"end":{"line":85,"column":29}},"51":{"start":{"line":88,"column":30},"end":{"line":91,"column":5}},"52":{"start":{"line":89,"column":20},"end":{"line":89,"column":34}},"53":{"start":{"line":90,"column":8},"end":{"line":90,"column":26}},"54":{"start":{"line":93,"column":29},"end":{"line":96,"column":5}},"55":{"start":{"line":94,"column":20},"end":{"line":94,"column":34}},"56":{"start":{"line":95,"column":8},"end":{"line":95,"column":25}},"57":{"start":{"line":98,"column":29},"end":{"line":100,"column":5}},"58":{"start":{"line":99,"column":8},"end":{"line":99,"column":31}},"59":{"start":{"line":102,"column":28},"end":{"line":115,"column":5}},"60":{"start":{"line":103,"column":8},"end":{"line":103,"column":27}},"61":{"start":{"line":104,"column":23},"end":{"line":113,"column":9}},"62":{"start":{"line":114,"column":8},"end":{"line":114,"column":51}},"63":{"start":{"line":117,"column":30},"end":{"line":125,"column":5}},"64":{"start":{"line":118,"column":19},"end":{"line":118,"column":30}},"65":{"start":{"line":119,"column":8},"end":{"line":123,"column":9}},"66":{"start":{"line":120,"column":12},"end":{"line":120,"column":22}},"67":{"start":{"line":122,"column":12},"end":{"line":122,"column":38}},"68":{"start":{"line":124,"column":8},"end":{"line":124,"column":34}},"69":{"start":{"line":127,"column":30},"end":{"line":148,"column":5}},"70":{"start":{"line":128,"column":19},"end":{"line":128,"column":35}},"71":{"start":{"line":129,"column":8},"end":{"line":129,"column":106}},"72":{"start":{"line":131,"column":8},"end":{"line":144,"column":9}},"73":{"start":{"line":132,"column":12},"end":{"line":132,"column":44}},"74":{"start":{"line":133,"column":23},"end":{"line":133,"column":33}},"75":{"start":{"line":134,"column":12},"end":{"line":134,"column":53}},"76":{"start":{"line":134,"column":36},"end":{"line":134,"column":52}},"77":{"start":{"line":135,"column":12},"end":{"line":139,"column":14}},"78":{"start":{"line":136,"column":16},"end":{"line":136,"column":63}},"79":{"start":{"line":140,"column":12},"end":{"line":140,"column":32}},"80":{"start":{"line":143,"column":12},"end":{"line":143,"column":64}},"81":{"start":{"line":146,"column":8},"end":{"line":146,"column":31}},"82":{"start":{"line":147,"column":8},"end":{"line":147,"column":29}},"83":{"start":{"line":150,"column":20},"end":{"line":152,"column":5}},"84":{"start":{"line":151,"column":8},"end":{"line":151,"column":29}},"85":{"start":{"line":154,"column":21},"end":{"line":163,"column":5}},"86":{"start":{"line":155,"column":8},"end":{"line":157,"column":9}},"87":{"start":{"line":156,"column":12},"end":{"line":156,"column":19}},"88":{"start":{"line":158,"column":19},"end":{"line":158,"column":30}},"89":{"start":{"line":159,"column":18},"end":{"line":159,"column":31}},"90":{"start":{"line":160,"column":8},"end":{"line":160,"column":36}},"91":{"start":{"line":161,"column":8},"end":{"line":161,"column":26}},"92":{"start":{"line":162,"column":8},"end":{"line":162,"column":34}},"93":{"start":{"line":165,"column":23},"end":{"line":174,"column":5}},"94":{"start":{"line":166,"column":8},"end":{"line":168,"column":9}},"95":{"start":{"line":167,"column":12},"end":{"line":167,"column":19}},"96":{"start":{"line":169,"column":19},"end":{"line":169,"column":30}},"97":{"start":{"line":170,"column":18},"end":{"line":170,"column":31}},"98":{"start":{"line":171,"column":8},"end":{"line":171,"column":36}},"99":{"start":{"line":172,"column":8},"end":{"line":172,"column":26}},"100":{"start":{"line":173,"column":8},"end":{"line":173,"column":34}},"101":{"start":{"line":176,"column":23},"end":{"line":215,"column":5}},"102":{"start":{"line":177,"column":8},"end":{"line":177,"column":27}},"103":{"start":{"line":178,"column":23},"end":{"line":178,"column":25}},"104":{"start":{"line":179,"column":8},"end":{"line":193,"column":9}},"105":{"start":{"line":180,"column":29},"end":{"line":180,"column":43}},"106":{"start":{"line":181,"column":12},"end":{"line":181,"column":34}},"107":{"start":{"line":182,"column":12},"end":{"line":182,"column":51}},"108":{"start":{"line":183,"column":12},"end":{"line":192,"column":22}},"109":{"start":{"line":186,"column":20},"end":{"line":186,"column":63}},"110":{"start":{"line":187,"column":20},"end":{"line":190,"column":23}},"111":{"start":{"line":191,"column":20},"end":{"line":191,"column":41}},"112":{"start":{"line":194,"column":21},"end":{"line":211,"column":9}},"113":{"start":{"line":213,"column":8},"end":{"line":213,"column":29}},"114":{"start":{"line":214,"column":8},"end":{"line":214,"column":29}},"115":{"start":{"line":217,"column":4},"end":{"line":219,"column":5}},"116":{"start":{"line":218,"column":8},"end":{"line":218,"column":40}},"117":{"start":{"line":221,"column":4},"end":{"line":469,"column":6}},"118":{"start":{"line":367,"column":16},"end":{"line":442,"column":17}},"119":{"start":{"line":376,"column":47},"end":{"line":376,"column":78}},"120":{"start":{"line":384,"column":47},"end":{"line":384,"column":78}},"121":{"start":{"line":392,"column":47},"end":{"line":392,"column":78}},"122":{"start":{"line":400,"column":47},"end":{"line":400,"column":78}},"123":{"start":{"line":408,"column":47},"end":{"line":408,"column":78}},"124":{"start":{"line":416,"column":47},"end":{"line":416,"column":78}},"125":{"start":{"line":424,"column":47},"end":{"line":424,"column":78}},"126":{"start":{"line":432,"column":47},"end":{"line":432,"column":78}},"127":{"start":{"line":436,"column":79},"end":{"line":436,"column":94}},"128":{"start":{"line":437,"column":108},"end":{"line":437,"column":125}},"129":{"start":{"line":438,"column":107},"end":{"line":438,"column":131}},"130":{"start":{"line":472,"column":17},"end":{"line":480,"column":1}},"131":{"start":{"line":473,"column":4},"end":{"line":479,"column":5}},"132":{"start":{"line":474,"column":8},"end":{"line":478,"column":10}}},"fnMap":{"0":{"name":"(anonymous_0)","decl":{"start":{"line":11,"column":21},"end":{"line":11,"column":22}},"loc":{"start":{"line":11,"column":27},"end":{"line":470,"column":1}},"line":11},"1":{"name":"(anonymous_1)","decl":{"start":{"line":12,"column":46},"end":{"line":12,"column":47}},"loc":{"start":{"line":12,"column":57},"end":{"line":12,"column":67}},"line":12},"2":{"name":"(anonymous_2)","decl":{"start":{"line":38,"column":25},"end":{"line":38,"column":26}},"loc":{"start":{"line":38,"column":32},"end":{"line":41,"column":5}},"line":38},"3":{"name":"(anonymous_3)","decl":{"start":{"line":43,"column":28},"end":{"line":43,"column":29}},"loc":{"start":{"line":43,"column":35},"end":{"line":46,"column":5}},"line":43},"4":{"name":"(anonymous_4)","decl":{"start":{"line":48,"column":26},"end":{"line":48,"column":27}},"loc":{"start":{"line":48,"column":33},"end":{"line":51,"column":5}},"line":48},"5":{"name":"(anonymous_5)","decl":{"start":{"line":53,"column":27},"end":{"line":53,"column":28}},"loc":{"start":{"line":53,"column":34},"end":{"line":56,"column":5}},"line":53},"6":{"name":"(anonymous_6)","decl":{"start":{"line":58,"column":26},"end":{"line":58,"column":27}},"loc":{"start":{"line":58,"column":33},"end":{"line":61,"column":5}},"line":58},"7":{"name":"(anonymous_7)","decl":{"start":{"line":63,"column":32},"end":{"line":63,"column":33}},"loc":{"start":{"line":63,"column":39},"end":{"line":66,"column":5}},"line":63},"8":{"name":"(anonymous_8)","decl":{"start":{"line":68,"column":26},"end":{"line":68,"column":27}},"loc":{"start":{"line":68,"column":33},"end":{"line":71,"column":5}},"line":68},"9":{"name":"(anonymous_9)","decl":{"start":{"line":73,"column":31},"end":{"line":73,"column":32}},"loc":{"start":{"line":73,"column":38},"end":{"line":76,"column":5}},"line":73},"10":{"name":"(anonymous_10)","decl":{"start":{"line":78,"column":34},"end":{"line":78,"column":35}},"loc":{"start":{"line":78,"column":41},"end":{"line":81,"column":5}},"line":78},"11":{"name":"(anonymous_11)","decl":{"start":{"line":83,"column":33},"end":{"line":83,"column":34}},"loc":{"start":{"line":83,"column":40},"end":{"line":86,"column":5}},"line":83},"12":{"name":"(anonymous_12)","decl":{"start":{"line":88,"column":30},"end":{"line":88,"column":31}},"loc":{"start":{"line":88,"column":37},"end":{"line":91,"column":5}},"line":88},"13":{"name":"(anonymous_13)","decl":{"start":{"line":93,"column":29},"end":{"line":93,"column":30}},"loc":{"start":{"line":93,"column":36},"end":{"line":96,"column":5}},"line":93},"14":{"name":"(anonymous_14)","decl":{"start":{"line":98,"column":29},"end":{"line":98,"column":30}},"loc":{"start":{"line":98,"column":36},"end":{"line":100,"column":5}},"line":98},"15":{"name":"(anonymous_15)","decl":{"start":{"line":102,"column":28},"end":{"line":102,"column":29}},"loc":{"start":{"line":102,"column":35},"end":{"line":115,"column":5}},"line":102},"16":{"name":"(anonymous_16)","decl":{"start":{"line":117,"column":30},"end":{"line":117,"column":31}},"loc":{"start":{"line":117,"column":41},"end":{"line":125,"column":5}},"line":117},"17":{"name":"(anonymous_17)","decl":{"start":{"line":127,"column":30},"end":{"line":127,"column":31}},"loc":{"start":{"line":127,"column":48},"end":{"line":148,"column":5}},"line":127},"18":{"name":"(anonymous_18)","decl":{"start":{"line":134,"column":31},"end":{"line":134,"column":32}},"loc":{"start":{"line":134,"column":36},"end":{"line":134,"column":52}},"line":134},"19":{"name":"(anonymous_19)","decl":{"start":{"line":135,"column":51},"end":{"line":135,"column":52}},"loc":{"start":{"line":135,"column":61},"end":{"line":139,"column":13}},"line":135},"20":{"name":"(anonymous_20)","decl":{"start":{"line":150,"column":20},"end":{"line":150,"column":21}},"loc":{"start":{"line":150,"column":26},"end":{"line":152,"column":5}},"line":150},"21":{"name":"(anonymous_21)","decl":{"start":{"line":154,"column":21},"end":{"line":154,"column":22}},"loc":{"start":{"line":154,"column":32},"end":{"line":163,"column":5}},"line":154},"22":{"name":"(anonymous_22)","decl":{"start":{"line":165,"column":23},"end":{"line":165,"column":24}},"loc":{"start":{"line":165,"column":34},"end":{"line":174,"column":5}},"line":165},"23":{"name":"(anonymous_23)","decl":{"start":{"line":176,"column":23},"end":{"line":176,"column":24}},"loc":{"start":{"line":176,"column":36},"end":{"line":215,"column":5}},"line":176},"24":{"name":"(anonymous_24)","decl":{"start":{"line":185,"column":22},"end":{"line":185,"column":23}},"loc":{"start":{"line":185,"column":42},"end":{"line":192,"column":21}},"line":185},"25":{"name":"(anonymous_25)","decl":{"start":{"line":366,"column":29},"end":{"line":366,"column":30}},"loc":{"start":{"line":366,"column":47},"end":{"line":443,"column":13}},"line":366},"26":{"name":"(anonymous_26)","decl":{"start":{"line":376,"column":38},"end":{"line":376,"column":39}},"loc":{"start":{"line":376,"column":47},"end":{"line":376,"column":78}},"line":376},"27":{"name":"(anonymous_27)","decl":{"start":{"line":384,"column":38},"end":{"line":384,"column":39}},"loc":{"start":{"line":384,"column":47},"end":{"line":384,"column":78}},"line":384},"28":{"name":"(anonymous_28)","decl":{"start":{"line":392,"column":38},"end":{"line":392,"column":39}},"loc":{"start":{"line":392,"column":47},"end":{"line":392,"column":78}},"line":392},"29":{"name":"(anonymous_29)","decl":{"start":{"line":400,"column":38},"end":{"line":400,"column":39}},"loc":{"start":{"line":400,"column":47},"end":{"line":400,"column":78}},"line":400},"30":{"name":"(anonymous_30)","decl":{"start":{"line":408,"column":38},"end":{"line":408,"column":39}},"loc":{"start":{"line":408,"column":47},"end":{"line":408,"column":78}},"line":408},"31":{"name":"(anonymous_31)","decl":{"start":{"line":416,"column":38},"end":{"line":416,"column":39}},"loc":{"start":{"line":416,"column":47},"end":{"line":416,"column":78}},"line":416},"32":{"name":"(anonymous_32)","decl":{"start":{"line":424,"column":38},"end":{"line":424,"column":39}},"loc":{"start":{"line":424,"column":47},"end":{"line":424,"column":78}},"line":424},"33":{"name":"(anonymous_33)","decl":{"start":{"line":432,"column":38},"end":{"line":432,"column":39}},"loc":{"start":{"line":432,"column":47},"end":{"line":432,"column":78}},"line":432},"34":{"name":"(anonymous_34)","decl":{"start":{"line":436,"column":73},"end":{"line":436,"column":74}},"loc":{"start":{"line":436,"column":79},"end":{"line":436,"column":94}},"line":436},"35":{"name":"(anonymous_35)","decl":{"start":{"line":437,"column":102},"end":{"line":437,"column":103}},"loc":{"start":{"line":437,"column":108},"end":{"line":437,"column":125}},"line":437},"36":{"name":"(anonymous_36)","decl":{"start":{"line":438,"column":101},"end":{"line":438,"column":102}},"loc":{"start":{"line":438,"column":107},"end":{"line":438,"column":131}},"line":438},"37":{"name":"(anonymous_37)","decl":{"start":{"line":472,"column":17},"end":{"line":472,"column":18}},"loc":{"start":{"line":472,"column":28},"end":{"line":480,"column":1}},"line":472}},"branchMap":{"0":{"loc":{"start":{"line":119,"column":8},"end":{"line":123,"column":9}},"type":"if","locations":[{"start":{"line":119,"column":8},"end":{"line":123,"column":9}},{"start":{"line":121,"column":15},"end":{"line":123,"column":9}}],"line":119},"1":{"loc":{"start":{"line":131,"column":8},"end":{"line":144,"column":9}},"type":"if","locations":[{"start":{"line":131,"column":8},"end":{"line":144,"column":9}},{"start":{"line":142,"column":15},"end":{"line":144,"column":9}}],"line":131},"2":{"loc":{"start":{"line":155,"column":8},"end":{"line":157,"column":9}},"type":"if","locations":[{"start":{"line":155,"column":8},"end":{"line":157,"column":9}},{"start":{},"end":{}}],"line":155},"3":{"loc":{"start":{"line":166,"column":8},"end":{"line":168,"column":9}},"type":"if","locations":[{"start":{"line":166,"column":8},"end":{"line":168,"column":9}},{"start":{},"end":{}}],"line":166},"4":{"loc":{"start":{"line":217,"column":4},"end":{"line":219,"column":5}},"type":"if","locations":[{"start":{"line":217,"column":4},"end":{"line":219,"column":5}},{"start":{},"end":{}}],"line":217},"5":{"loc":{"start":{"line":473,"column":4},"end":{"line":479,"column":5}},"type":"if","locations":[{"start":{"line":473,"column":4},"end":{"line":479,"column":5}},{"start":{},"end":{}}],"line":473}},"s":{"0":0,"1":0,"2":0,"3":0,"4":0,"5":0,"6":0,"7":0,"8":0,"9":0,"10":0,"11":0,"12":0,"13":0,"14":0,"15":0,"16":0,"17":0,"18":0,"19":0,"20":0,"21":0,"22":0,"23":0,"24":0,"25":0,"26":0,"27":0,"28":0,"29":0,"30":0,"31":0,"32":0,"33":0,"34":0,"35":0,"36":0,"37":0,"38":0,"39":0,"40":0,"41":0,"42":0,"43":0,"44":0,"45":0,"46":0,"47":0,"48":0,"49":0,"50":0,"51":0,"52":0,"53":0,"54":0,"55":0,"56":0,"57":0,"58":0,"59":0,"60":0,"61":0,"62":0,"63":0,"64":0,"65":0,"66":0,"67":0,"68":0,"69":0,"70":0,"71":0,"72":0,"73":0,"74":0,"75":0,"76":0,"77":0,"78":0,"79":0,"80":0,"81":0,"82":0,"83":0,"84":0,"85":0,"86":0,"87":0,"88":0,"89":0,"90":0,"91":0,"92":0,"93":0,"94":0,"95":0,"96":0,"97":0,"98":0,"99":0,"100":0,"101":0,"102":0,"103":0,"104":0,"105":0,"106":0,"107":0,"108":0,"109":0,"110":0,"111":0,"112":0,"113":0,"114":0,"115":0,"116":0,"117":0,"118":0,"119":0,"120":0,"121":0,"122":0,"123":0,"124":0,"125":0,"126":0,"127":0,"128":0,"129":0,"130":0,"131":0,"132":0},"f":{"0":0,"1":0,"2":0,"3":0,"4":0,"5":0,"6":0,"7":0,"8":0,"9":0,"10":0,"11":0,"12":0,"13":0,"14":0,"15":0,"16":0,"17":0,"18":0,"19":0,"20":0,"21":0,"22":0,"23":0,"24":0,"25":0,"26":0,"27":0,"28":0,"29":0,"30":0,"31":0,"32":0,"33":0,"34":0,"35":0,"36":0,"37":0},"b":{"0":[0,0],"1":[0,0],"2":[0,0],"3":[0,0],"4":[0,0],"5":[0,0]}}
,"/home/erich/IdeaProjects/Teacher_Platform/BA_Frontend/src/components/FileUploadTestComponent.jsx": {"path":"/home/erich/IdeaProjects/Teacher_Platform/BA_Frontend/src/components/FileUploadTestComponent.jsx","statementMap":{"0":{"start":{"line":4,"column":32},"end":{"line":38,"column":1}},"1":{"start":{"line":6,"column":28},"end":{"line":6,"column":38}},"2":{"start":{"line":8,"column":27},"end":{"line":12,"column":5}},"3":{"start":{"line":9,"column":8},"end":{"line":11,"column":9}},"4":{"start":{"line":10,"column":12},"end":{"line":10,"column":39}},"5":{"start":{"line":14,"column":29},"end":{"line":23,"column":5}},"6":{"start":{"line":15,"column":8},"end":{"line":17,"column":9}},"7":{"start":{"line":16,"column":12},"end":{"line":16,"column":19}},"8":{"start":{"line":18,"column":25},"end":{"line":18,"column":39}},"9":{"start":{"line":19,"column":8},"end":{"line":19,"column":38}},"10":{"start":{"line":20,"column":8},"end":{"line":22,"column":48}},"11":{"start":{"line":21,"column":28},"end":{"line":21,"column":45}},"12":{"start":{"line":22,"column":28},"end":{"line":22,"column":46}},"13":{"start":{"line":25,"column":19},"end":{"line":27,"column":5}},"14":{"start":{"line":29,"column":4},"end":{"line":37,"column":6}}},"fnMap":{"0":{"name":"(anonymous_0)","decl":{"start":{"line":4,"column":32},"end":{"line":4,"column":33}},"loc":{"start":{"line":4,"column":38},"end":{"line":38,"column":1}},"line":4},"1":{"name":"(anonymous_1)","decl":{"start":{"line":8,"column":27},"end":{"line":8,"column":28}},"loc":{"start":{"line":8,"column":32},"end":{"line":12,"column":5}},"line":8},"2":{"name":"(anonymous_2)","decl":{"start":{"line":14,"column":29},"end":{"line":14,"column":30}},"loc":{"start":{"line":14,"column":33},"end":{"line":23,"column":5}},"line":14},"3":{"name":"(anonymous_3)","decl":{"start":{"line":21,"column":18},"end":{"line":21,"column":19}},"loc":{"start":{"line":21,"column":28},"end":{"line":21,"column":45}},"line":21},"4":{"name":"(anonymous_4)","decl":{"start":{"line":22,"column":19},"end":{"line":22,"column":20}},"loc":{"start":{"line":22,"column":28},"end":{"line":22,"column":46}},"line":22},"5":{"name":"(anonymous_5)","decl":{"start":{"line":25,"column":19},"end":{"line":25,"column":20}},"loc":{"start":{"line":25,"column":25},"end":{"line":27,"column":5}},"line":25}},"branchMap":{"0":{"loc":{"start":{"line":9,"column":8},"end":{"line":11,"column":9}},"type":"if","locations":[{"start":{"line":9,"column":8},"end":{"line":11,"column":9}},{"start":{},"end":{}}],"line":9},"1":{"loc":{"start":{"line":15,"column":8},"end":{"line":17,"column":9}},"type":"if","locations":[{"start":{"line":15,"column":8},"end":{"line":17,"column":9}},{"start":{},"end":{}}],"line":15},"2":{"loc":{"start":{"line":33,"column":18},"end":{"line":33,"column":55}},"type":"binary-expr","locations":[{"start":{"line":33,"column":18},"end":{"line":33,"column":22}},{"start":{"line":33,"column":26},"end":{"line":33,"column":55}}],"line":33}},"s":{"0":0,"1":0,"2":0,"3":0,"4":0,"5":0,"6":0,"7":0,"8":0,"9":0,"10":0,"11":0,"12":0,"13":0,"14":0},"f":{"0":0,"1":0,"2":0,"3":0,"4":0,"5":0},"b":{"0":[0,0],"1":[0,0],"2":[0,0]}}
,"/home/erich/IdeaProjects/Teacher_Platform/BA_Frontend/src/components/FooterComponent.jsx": {"path":"/home/erich/IdeaProjects/Teacher_Platform/BA_Frontend/src/components/FooterComponent.jsx","statementMap":{"0":{"start":{"line":5,"column":8},"end":{"line":5,"column":20}},"1":{"start":{"line":7,"column":8},"end":{"line":9,"column":9}},"2":{"start":{"line":12,"column":8},"end":{"line":20,"column":10}}},"fnMap":{"0":{"name":"(anonymous_0)","decl":{"start":{"line":4,"column":4},"end":{"line":4,"column":5}},"loc":{"start":{"line":4,"column":22},"end":{"line":10,"column":5}},"line":4},"1":{"name":"(anonymous_1)","decl":{"start":{"line":11,"column":4},"end":{"line":11,"column":5}},"loc":{"start":{"line":11,"column":13},"end":{"line":21,"column":5}},"line":11}},"branchMap":{},"s":{"0":0,"1":0,"2":0},"f":{"0":0,"1":0},"b":{}}
,"/home/erich/IdeaProjects/Teacher_Platform/BA_Frontend/src/components/HeaderComponent.jsx": {"path":"/home/erich/IdeaProjects/Teacher_Platform/BA_Frontend/src/components/HeaderComponent.jsx","statementMap":{"0":{"start":{"line":7,"column":24},"end":{"line":95,"column":1}},"1":{"start":{"line":8,"column":19},"end":{"line":8,"column":32}},"2":{"start":{"line":9,"column":48},"end":{"line":9,"column":63}},"3":{"start":{"line":11,"column":34},"end":{"line":11,"column":68}},"4":{"start":{"line":11,"column":57},"end":{"line":11,"column":67}},"5":{"start":{"line":13,"column":21},"end":{"line":13,"column":34}},"6":{"start":{"line":15,"column":19},"end":{"line":15,"column":32}},"7":{"start":{"line":17,"column":17},"end":{"line":19,"column":5}},"8":{"start":{"line":18,"column":8},"end":{"line":18,"column":25}},"9":{"start":{"line":21,"column":20},"end":{"line":23,"column":5}},"10":{"start":{"line":22,"column":8},"end":{"line":22,"column":28}},"11":{"start":{"line":25,"column":19},"end":{"line":27,"column":5}},"12":{"start":{"line":26,"column":8},"end":{"line":26,"column":27}},"13":{"start":{"line":29,"column":18},"end":{"line":31,"column":5}},"14":{"start":{"line":30,"column":8},"end":{"line":30,"column":26}},"15":{"start":{"line":33,"column":21},"end":{"line":35,"column":5}},"16":{"start":{"line":34,"column":8},"end":{"line":34,"column":29}},"17":{"start":{"line":37,"column":4},"end":{"line":41,"column":29}},"18":{"start":{"line":38,"column":8},"end":{"line":40,"column":9}},"19":{"start":{"line":39,"column":12},"end":{"line":39,"column":37}},"20":{"start":{"line":43,"column":19},"end":{"line":46,"column":18}},"21":{"start":{"line":44,"column":8},"end":{"line":44,"column":27}},"22":{"start":{"line":45,"column":8},"end":{"line":45,"column":25}},"23":{"start":{"line":48,"column":4},"end":{"line":54,"column":22}},"24":{"start":{"line":49,"column":8},"end":{"line":53,"column":9}},"25":{"start":{"line":50,"column":12},"end":{"line":50,"column":72}},"26":{"start":{"line":52,"column":12},"end":{"line":52,"column":37}},"27":{"start":{"line":56,"column":4},"end":{"line":94,"column":6}}},"fnMap":{"0":{"name":"(anonymous_0)","decl":{"start":{"line":7,"column":24},"end":{"line":7,"column":25}},"loc":{"start":{"line":7,"column":30},"end":{"line":95,"column":1}},"line":7},"1":{"name":"(anonymous_1)","decl":{"start":{"line":11,"column":46},"end":{"line":11,"column":47}},"loc":{"start":{"line":11,"column":57},"end":{"line":11,"column":67}},"line":11},"2":{"name":"(anonymous_2)","decl":{"start":{"line":17,"column":17},"end":{"line":17,"column":18}},"loc":{"start":{"line":17,"column":23},"end":{"line":19,"column":5}},"line":17},"3":{"name":"(anonymous_3)","decl":{"start":{"line":21,"column":20},"end":{"line":21,"column":21}},"loc":{"start":{"line":21,"column":26},"end":{"line":23,"column":5}},"line":21},"4":{"name":"(anonymous_4)","decl":{"start":{"line":25,"column":19},"end":{"line":25,"column":20}},"loc":{"start":{"line":25,"column":25},"end":{"line":27,"column":5}},"line":25},"5":{"name":"(anonymous_5)","decl":{"start":{"line":29,"column":18},"end":{"line":29,"column":19}},"loc":{"start":{"line":29,"column":24},"end":{"line":31,"column":5}},"line":29},"6":{"name":"(anonymous_6)","decl":{"start":{"line":33,"column":21},"end":{"line":33,"column":22}},"loc":{"start":{"line":33,"column":27},"end":{"line":35,"column":5}},"line":33},"7":{"name":"(anonymous_7)","decl":{"start":{"line":37,"column":14},"end":{"line":37,"column":15}},"loc":{"start":{"line":37,"column":20},"end":{"line":41,"column":5}},"line":37},"8":{"name":"(anonymous_8)","decl":{"start":{"line":43,"column":31},"end":{"line":43,"column":32}},"loc":{"start":{"line":43,"column":37},"end":{"line":46,"column":5}},"line":43},"9":{"name":"(anonymous_9)","decl":{"start":{"line":48,"column":14},"end":{"line":48,"column":15}},"loc":{"start":{"line":48,"column":20},"end":{"line":54,"column":5}},"line":48}},"branchMap":{"0":{"loc":{"start":{"line":38,"column":8},"end":{"line":40,"column":9}},"type":"if","locations":[{"start":{"line":38,"column":8},"end":{"line":40,"column":9}},{"start":{},"end":{}}],"line":38},"1":{"loc":{"start":{"line":49,"column":8},"end":{"line":53,"column":9}},"type":"if","locations":[{"start":{"line":49,"column":8},"end":{"line":53,"column":9}},{"start":{"line":51,"column":15},"end":{"line":53,"column":9}}],"line":49},"2":{"loc":{"start":{"line":71,"column":17},"end":{"line":91,"column":17}},"type":"cond-expr","locations":[{"start":{"line":72,"column":20},"end":{"line":80,"column":26}},{"start":{"line":82,"column":20},"end":{"line":90,"column":26}}],"line":71}},"s":{"0":0,"1":0,"2":0,"3":0,"4":0,"5":0,"6":0,"7":0,"8":0,"9":0,"10":0,"11":0,"12":0,"13":0,"14":0,"15":0,"16":0,"17":0,"18":0,"19":0,"20":0,"21":0,"22":0,"23":0,"24":0,"25":0,"26":0,"27":0},"f":{"0":0,"1":0,"2":0,"3":0,"4":0,"5":0,"6":0,"7":0,"8":0,"9":0},"b":{"0":[0,0],"1":[0,0],"2":[0,0]}}
,"/home/erich/IdeaProjects/Teacher_Platform/BA_Frontend/src/components/Home.js": {"path":"/home/erich/IdeaProjects/Teacher_Platform/BA_Frontend/src/components/Home.js","statementMap":{"0":{"start":{"line":5,"column":13},"end":{"line":32,"column":1}},"1":{"start":{"line":24,"column":4},"end":{"line":31,"column":6}}},"fnMap":{"0":{"name":"(anonymous_0)","decl":{"start":{"line":5,"column":13},"end":{"line":5,"column":14}},"loc":{"start":{"line":5,"column":19},"end":{"line":32,"column":1}},"line":5}},"branchMap":{},"s":{"0":0,"1":0},"f":{"0":0},"b":{}}
,"/home/erich/IdeaProjects/Teacher_Platform/BA_Frontend/src/components/LessonTableRow.jsx": {"path":"/home/erich/IdeaProjects/Teacher_Platform/BA_Frontend/src/components/LessonTableRow.jsx","statementMap":{"0":{"start":{"line":4,"column":23},"end":{"line":29,"column":1}},"1":{"start":{"line":5,"column":36},"end":{"line":5,"column":51}},"2":{"start":{"line":7,"column":27},"end":{"line":13,"column":5}},"3":{"start":{"line":8,"column":8},"end":{"line":12,"column":9}},"4":{"start":{"line":9,"column":12},"end":{"line":9,"column":30}},"5":{"start":{"line":11,"column":12},"end":{"line":11,"column":31}},"6":{"start":{"line":15,"column":4},"end":{"line":28,"column":7}}},"fnMap":{"0":{"name":"(anonymous_0)","decl":{"start":{"line":4,"column":23},"end":{"line":4,"column":24}},"loc":{"start":{"line":4,"column":35},"end":{"line":29,"column":1}},"line":4},"1":{"name":"(anonymous_1)","decl":{"start":{"line":7,"column":27},"end":{"line":7,"column":28}},"loc":{"start":{"line":7,"column":34},"end":{"line":13,"column":5}},"line":7}},"branchMap":{"0":{"loc":{"start":{"line":8,"column":8},"end":{"line":12,"column":9}},"type":"if","locations":[{"start":{"line":8,"column":8},"end":{"line":12,"column":9}},{"start":{"line":10,"column":15},"end":{"line":12,"column":9}}],"line":8},"1":{"loc":{"start":{"line":20,"column":8},"end":{"line":28,"column":5}},"type":"binary-expr","locations":[{"start":{"line":20,"column":8},"end":{"line":20,"column":27}},{"start":{"line":21,"column":12},"end":{"line":27,"column":17}}],"line":20}},"s":{"0":0,"1":0,"2":0,"3":0,"4":0,"5":0,"6":0},"f":{"0":0,"1":0},"b":{"0":[0,0],"1":[0,0]}}
,"/home/erich/IdeaProjects/Teacher_Platform/BA_Frontend/src/components/Login.js": {"path":"/home/erich/IdeaProjects/Teacher_Platform/BA_Frontend/src/components/Login.js","statementMap":{"0":{"start":{"line":11,"column":17},"end":{"line":19,"column":1}},"1":{"start":{"line":12,"column":4},"end":{"line":18,"column":5}},"2":{"start":{"line":13,"column":8},"end":{"line":17,"column":10}},"3":{"start":{"line":21,"column":14},"end":{"line":126,"column":1}},"4":{"start":{"line":22,"column":19},"end":{"line":22,"column":32}},"5":{"start":{"line":24,"column":17},"end":{"line":24,"column":25}},"6":{"start":{"line":25,"column":21},"end":{"line":25,"column":29}},"7":{"start":{"line":27,"column":36},"end":{"line":27,"column":48}},"8":{"start":{"line":28,"column":36},"end":{"line":28,"column":48}},"9":{"start":{"line":29,"column":34},"end":{"line":29,"column":49}},"10":{"start":{"line":31,"column":27},"end":{"line":31,"column":59}},"11":{"start":{"line":31,"column":48},"end":{"line":31,"column":58}},"12":{"start":{"line":32,"column":24},"end":{"line":32,"column":59}},"13":{"start":{"line":32,"column":45},"end":{"line":32,"column":58}},"14":{"start":{"line":34,"column":21},"end":{"line":34,"column":34}},"15":{"start":{"line":36,"column":29},"end":{"line":39,"column":5}},"16":{"start":{"line":37,"column":25},"end":{"line":37,"column":39}},"17":{"start":{"line":38,"column":8},"end":{"line":38,"column":30}},"18":{"start":{"line":41,"column":29},"end":{"line":44,"column":5}},"19":{"start":{"line":42,"column":25},"end":{"line":42,"column":39}},"20":{"start":{"line":43,"column":8},"end":{"line":43,"column":30}},"21":{"start":{"line":46,"column":24},"end":{"line":65,"column":5}},"22":{"start":{"line":47,"column":8},"end":{"line":47,"column":27}},"23":{"start":{"line":49,"column":8},"end":{"line":49,"column":25}},"24":{"start":{"line":51,"column":8},"end":{"line":51,"column":35}},"25":{"start":{"line":53,"column":8},"end":{"line":64,"column":9}},"26":{"start":{"line":54,"column":12},"end":{"line":61,"column":19}},"27":{"start":{"line":56,"column":20},"end":{"line":56,"column":41}},"28":{"start":{"line":57,"column":20},"end":{"line":57,"column":45}},"29":{"start":{"line":60,"column":20},"end":{"line":60,"column":38}},"30":{"start":{"line":63,"column":12},"end":{"line":63,"column":30}},"31":{"start":{"line":67,"column":4},"end":{"line":69,"column":5}},"32":{"start":{"line":68,"column":8},"end":{"line":68,"column":42}},"33":{"start":{"line":71,"column":4},"end":{"line":125,"column":6}}},"fnMap":{"0":{"name":"(anonymous_0)","decl":{"start":{"line":11,"column":17},"end":{"line":11,"column":18}},"loc":{"start":{"line":11,"column":28},"end":{"line":19,"column":1}},"line":11},"1":{"name":"(anonymous_1)","decl":{"start":{"line":21,"column":14},"end":{"line":21,"column":15}},"loc":{"start":{"line":21,"column":25},"end":{"line":126,"column":1}},"line":21},"2":{"name":"(anonymous_2)","decl":{"start":{"line":31,"column":39},"end":{"line":31,"column":40}},"loc":{"start":{"line":31,"column":48},"end":{"line":31,"column":58}},"line":31},"3":{"name":"(anonymous_3)","decl":{"start":{"line":32,"column":36},"end":{"line":32,"column":37}},"loc":{"start":{"line":32,"column":45},"end":{"line":32,"column":58}},"line":32},"4":{"name":"(anonymous_4)","decl":{"start":{"line":36,"column":29},"end":{"line":36,"column":30}},"loc":{"start":{"line":36,"column":36},"end":{"line":39,"column":5}},"line":36},"5":{"name":"(anonymous_5)","decl":{"start":{"line":41,"column":29},"end":{"line":41,"column":30}},"loc":{"start":{"line":41,"column":36},"end":{"line":44,"column":5}},"line":41},"6":{"name":"(anonymous_6)","decl":{"start":{"line":46,"column":24},"end":{"line":46,"column":25}},"loc":{"start":{"line":46,"column":31},"end":{"line":65,"column":5}},"line":46},"7":{"name":"(anonymous_7)","decl":{"start":{"line":55,"column":22},"end":{"line":55,"column":23}},"loc":{"start":{"line":55,"column":28},"end":{"line":58,"column":17}},"line":55},"8":{"name":"(anonymous_8)","decl":{"start":{"line":59,"column":23},"end":{"line":59,"column":24}},"loc":{"start":{"line":59,"column":29},"end":{"line":61,"column":17}},"line":59}},"branchMap":{"0":{"loc":{"start":{"line":12,"column":4},"end":{"line":18,"column":5}},"type":"if","locations":[{"start":{"line":12,"column":4},"end":{"line":18,"column":5}},{"start":{},"end":{}}],"line":12},"1":{"loc":{"start":{"line":53,"column":8},"end":{"line":64,"column":9}},"type":"if","locations":[{"start":{"line":53,"column":8},"end":{"line":64,"column":9}},{"start":{"line":62,"column":15},"end":{"line":64,"column":9}}],"line":53},"2":{"loc":{"start":{"line":67,"column":4},"end":{"line":69,"column":5}},"type":"if","locations":[{"start":{"line":67,"column":4},"end":{"line":69,"column":5}},{"start":{},"end":{}}],"line":67},"3":{"loc":{"start":{"line":107,"column":29},"end":{"line":109,"column":29}},"type":"binary-expr","locations":[{"start":{"line":107,"column":29},"end":{"line":107,"column":36}},{"start":{"line":108,"column":32},"end":{"line":108,"column":90}}],"line":107},"4":{"loc":{"start":{"line":114,"column":21},"end":{"line":120,"column":21}},"type":"binary-expr","locations":[{"start":{"line":114,"column":21},"end":{"line":114,"column":28}},{"start":{"line":115,"column":24},"end":{"line":119,"column":30}}],"line":114}},"s":{"0":0,"1":0,"2":0,"3":0,"4":0,"5":0,"6":0,"7":0,"8":0,"9":0,"10":0,"11":0,"12":0,"13":0,"14":0,"15":0,"16":0,"17":0,"18":0,"19":0,"20":0,"21":0,"22":0,"23":0,"24":0,"25":0,"26":0,"27":0,"28":0,"29":0,"30":0,"31":0,"32":0,"33":0},"f":{"0":0,"1":0,"2":0,"3":0,"4":0,"5":0,"6":0,"7":0,"8":0},"b":{"0":[0,0],"1":[0,0],"2":[0,0],"3":[0,0],"4":[0,0]}}
,"/home/erich/IdeaProjects/Teacher_Platform/BA_Frontend/src/components/ManageLessons.js": {"path":"/home/erich/IdeaProjects/Teacher_Platform/BA_Frontend/src/components/ManageLessons.js","statementMap":{"0":{"start":{"line":5,"column":22},"end":{"line":69,"column":1}},"1":{"start":{"line":7,"column":19},"end":{"line":7,"column":32}},"2":{"start":{"line":9,"column":34},"end":{"line":9,"column":46}},"3":{"start":{"line":11,"column":25},"end":{"line":13,"column":5}},"4":{"start":{"line":12,"column":8},"end":{"line":12,"column":53}},"5":{"start":{"line":15,"column":25},"end":{"line":19,"column":5}},"6":{"start":{"line":16,"column":8},"end":{"line":18,"column":11}},"7":{"start":{"line":17,"column":12},"end":{"line":17,"column":72}},"8":{"start":{"line":17,"column":48},"end":{"line":17,"column":69}},"9":{"start":{"line":21,"column":25},"end":{"line":23,"column":5}},"10":{"start":{"line":22,"column":8},"end":{"line":22,"column":49}},"11":{"start":{"line":25,"column":4},"end":{"line":29,"column":11}},"12":{"start":{"line":26,"column":8},"end":{"line":28,"column":11}},"13":{"start":{"line":27,"column":12},"end":{"line":27,"column":33}},"14":{"start":{"line":32,"column":4},"end":{"line":68,"column":6}},"15":{"start":{"line":51,"column":32},"end":{"line":61,"column":37}},"16":{"start":{"line":57,"column":91},"end":{"line":57,"column":117}},"17":{"start":{"line":58,"column":91},"end":{"line":58,"column":117}},"18":{"start":{"line":59,"column":90},"end":{"line":59,"column":116}}},"fnMap":{"0":{"name":"(anonymous_0)","decl":{"start":{"line":5,"column":22},"end":{"line":5,"column":23}},"loc":{"start":{"line":5,"column":28},"end":{"line":69,"column":1}},"line":5},"1":{"name":"(anonymous_1)","decl":{"start":{"line":11,"column":25},"end":{"line":11,"column":26}},"loc":{"start":{"line":11,"column":32},"end":{"line":13,"column":5}},"line":11},"2":{"name":"(anonymous_2)","decl":{"start":{"line":15,"column":25},"end":{"line":15,"column":26}},"loc":{"start":{"line":15,"column":32},"end":{"line":19,"column":5}},"line":15},"3":{"name":"(anonymous_3)","decl":{"start":{"line":16,"column":29},"end":{"line":16,"column":30}},"loc":{"start":{"line":16,"column":35},"end":{"line":18,"column":9}},"line":16},"4":{"name":"(anonymous_4)","decl":{"start":{"line":17,"column":38},"end":{"line":17,"column":39}},"loc":{"start":{"line":17,"column":48},"end":{"line":17,"column":69}},"line":17},"5":{"name":"(anonymous_5)","decl":{"start":{"line":21,"column":25},"end":{"line":21,"column":26}},"loc":{"start":{"line":21,"column":32},"end":{"line":23,"column":5}},"line":21},"6":{"name":"(anonymous_6)","decl":{"start":{"line":25,"column":14},"end":{"line":25,"column":15}},"loc":{"start":{"line":25,"column":20},"end":{"line":29,"column":5}},"line":25},"7":{"name":"(anonymous_7)","decl":{"start":{"line":26,"column":28},"end":{"line":26,"column":29}},"loc":{"start":{"line":26,"column":37},"end":{"line":28,"column":9}},"line":26},"8":{"name":"(anonymous_8)","decl":{"start":{"line":50,"column":28},"end":{"line":50,"column":29}},"loc":{"start":{"line":51,"column":32},"end":{"line":61,"column":37}},"line":51},"9":{"name":"(anonymous_9)","decl":{"start":{"line":57,"column":85},"end":{"line":57,"column":86}},"loc":{"start":{"line":57,"column":91},"end":{"line":57,"column":117}},"line":57},"10":{"name":"(anonymous_10)","decl":{"start":{"line":58,"column":85},"end":{"line":58,"column":86}},"loc":{"start":{"line":58,"column":91},"end":{"line":58,"column":117}},"line":58},"11":{"name":"(anonymous_11)","decl":{"start":{"line":59,"column":84},"end":{"line":59,"column":85}},"loc":{"start":{"line":59,"column":90},"end":{"line":59,"column":116}},"line":59}},"branchMap":{},"s":{"0":0,"1":0,"2":0,"3":0,"4":0,"5":0,"6":0,"7":0,"8":0,"9":0,"10":0,"11":0,"12":0,"13":0,"14":0,"15":0,"16":0,"17":0,"18":0},"f":{"0":0,"1":0,"2":0,"3":0,"4":0,"5":0,"6":0,"7":0,"8":0,"9":0,"10":0,"11":0},"b":{}}
,"/home/erich/IdeaProjects/Teacher_Platform/BA_Frontend/src/components/ManagePersonalData.jsx": {"path":"/home/erich/IdeaProjects/Teacher_Platform/BA_Frontend/src/components/ManagePersonalData.jsx","statementMap":{"0":{"start":{"line":10,"column":27},"end":{"line":83,"column":1}},"1":{"start":{"line":12,"column":21},"end":{"line":12,"column":34}},"2":{"start":{"line":14,"column":34},"end":{"line":14,"column":68}},"3":{"start":{"line":14,"column":57},"end":{"line":14,"column":67}},"4":{"start":{"line":15,"column":21},"end":{"line":15,"column":34}},"5":{"start":{"line":19,"column":36},"end":{"line":19,"column":46}},"6":{"start":{"line":20,"column":30},"end":{"line":20,"column":40}},"7":{"start":{"line":22,"column":4},"end":{"line":27,"column":10}},"8":{"start":{"line":23,"column":8},"end":{"line":26,"column":10}},"9":{"start":{"line":24,"column":12},"end":{"line":24,"column":43}},"10":{"start":{"line":25,"column":12},"end":{"line":25,"column":37}},"11":{"start":{"line":29,"column":29},"end":{"line":31,"column":5}},"12":{"start":{"line":30,"column":8},"end":{"line":30,"column":36}},"13":{"start":{"line":33,"column":26},"end":{"line":35,"column":5}},"14":{"start":{"line":34,"column":8},"end":{"line":34,"column":32}},"15":{"start":{"line":37,"column":23},"end":{"line":46,"column":9}},"16":{"start":{"line":38,"column":25},"end":{"line":42,"column":13}},"17":{"start":{"line":43,"column":12},"end":{"line":43,"column":31}},"18":{"start":{"line":44,"column":12},"end":{"line":44,"column":31}},"19":{"start":{"line":45,"column":12},"end":{"line":45,"column":31}},"20":{"start":{"line":48,"column":4},"end":{"line":82,"column":5}}},"fnMap":{"0":{"name":"(anonymous_0)","decl":{"start":{"line":10,"column":27},"end":{"line":10,"column":28}},"loc":{"start":{"line":10,"column":33},"end":{"line":83,"column":1}},"line":10},"1":{"name":"(anonymous_1)","decl":{"start":{"line":14,"column":46},"end":{"line":14,"column":47}},"loc":{"start":{"line":14,"column":57},"end":{"line":14,"column":67}},"line":14},"2":{"name":"(anonymous_2)","decl":{"start":{"line":22,"column":14},"end":{"line":22,"column":15}},"loc":{"start":{"line":22,"column":20},"end":{"line":27,"column":5}},"line":22},"3":{"name":"(anonymous_3)","decl":{"start":{"line":23,"column":37},"end":{"line":23,"column":38}},"loc":{"start":{"line":23,"column":46},"end":{"line":26,"column":9}},"line":23},"4":{"name":"(anonymous_4)","decl":{"start":{"line":29,"column":29},"end":{"line":29,"column":30}},"loc":{"start":{"line":29,"column":36},"end":{"line":31,"column":5}},"line":29},"5":{"name":"(anonymous_5)","decl":{"start":{"line":33,"column":26},"end":{"line":33,"column":27}},"loc":{"start":{"line":33,"column":33},"end":{"line":35,"column":5}},"line":33},"6":{"name":"(anonymous_6)","decl":{"start":{"line":37,"column":23},"end":{"line":37,"column":24}},"loc":{"start":{"line":37,"column":28},"end":{"line":46,"column":9}},"line":37}},"branchMap":{},"s":{"0":0,"1":0,"2":0,"3":0,"4":0,"5":0,"6":0,"7":0,"8":0,"9":0,"10":0,"11":0,"12":0,"13":0,"14":0,"15":0,"16":0,"17":0,"18":0,"19":0,"20":0},"f":{"0":0,"1":0,"2":0,"3":0,"4":0,"5":0,"6":0},"b":{}}
,"/home/erich/IdeaProjects/Teacher_Platform/BA_Frontend/src/components/PersonalArea.js": {"path":"/home/erich/IdeaProjects/Teacher_Platform/BA_Frontend/src/components/PersonalArea.js","statementMap":{"0":{"start":{"line":5,"column":21},"end":{"line":46,"column":1}},"1":{"start":{"line":6,"column":19},"end":{"line":6,"column":32}},"2":{"start":{"line":7,"column":34},"end":{"line":7,"column":68}},"3":{"start":{"line":7,"column":57},"end":{"line":7,"column":67}},"4":{"start":{"line":9,"column":4},"end":{"line":11,"column":5}},"5":{"start":{"line":10,"column":8},"end":{"line":10,"column":40}},"6":{"start":{"line":13,"column":31},"end":{"line":15,"column":5}},"7":{"start":{"line":14,"column":8},"end":{"line":14,"column":53}},"8":{"start":{"line":17,"column":32},"end":{"line":19,"column":5}},"9":{"start":{"line":18,"column":8},"end":{"line":18,"column":35}},"10":{"start":{"line":21,"column":33},"end":{"line":23,"column":5}},"11":{"start":{"line":22,"column":8},"end":{"line":22,"column":41}},"12":{"start":{"line":26,"column":4},"end":{"line":45,"column":6}}},"fnMap":{"0":{"name":"(anonymous_0)","decl":{"start":{"line":5,"column":21},"end":{"line":5,"column":22}},"loc":{"start":{"line":5,"column":27},"end":{"line":46,"column":1}},"line":5},"1":{"name":"(anonymous_1)","decl":{"start":{"line":7,"column":46},"end":{"line":7,"column":47}},"loc":{"start":{"line":7,"column":57},"end":{"line":7,"column":67}},"line":7},"2":{"name":"(anonymous_2)","decl":{"start":{"line":13,"column":31},"end":{"line":13,"column":32}},"loc":{"start":{"line":13,"column":37},"end":{"line":15,"column":5}},"line":13},"3":{"name":"(anonymous_3)","decl":{"start":{"line":17,"column":32},"end":{"line":17,"column":33}},"loc":{"start":{"line":17,"column":38},"end":{"line":19,"column":5}},"line":17},"4":{"name":"(anonymous_4)","decl":{"start":{"line":21,"column":33},"end":{"line":21,"column":34}},"loc":{"start":{"line":21,"column":39},"end":{"line":23,"column":5}},"line":21}},"branchMap":{"0":{"loc":{"start":{"line":9,"column":4},"end":{"line":11,"column":5}},"type":"if","locations":[{"start":{"line":9,"column":4},"end":{"line":11,"column":5}},{"start":{},"end":{}}],"line":9}},"s":{"0":0,"1":0,"2":0,"3":0,"4":0,"5":0,"6":0,"7":0,"8":0,"9":0,"10":0,"11":0,"12":0},"f":{"0":0,"1":0,"2":0,"3":0,"4":0},"b":{"0":[0,0]}}
,"/home/erich/IdeaProjects/Teacher_Platform/BA_Frontend/src/components/PhaseComponent.jsx": {"path":"/home/erich/IdeaProjects/Teacher_Platform/BA_Frontend/src/components/PhaseComponent.jsx","statementMap":{"0":{"start":{"line":7,"column":8},"end":{"line":7,"column":21}},"1":{"start":{"line":8,"column":8},"end":{"line":17,"column":10}},"2":{"start":{"line":19,"column":8},"end":{"line":19,"column":67}},"3":{"start":{"line":20,"column":8},"end":{"line":20,"column":71}},"4":{"start":{"line":21,"column":8},"end":{"line":21,"column":85}},"5":{"start":{"line":22,"column":8},"end":{"line":22,"column":85}},"6":{"start":{"line":23,"column":8},"end":{"line":23,"column":81}},"7":{"start":{"line":24,"column":8},"end":{"line":24,"column":83}},"8":{"start":{"line":25,"column":8},"end":{"line":25,"column":69}},"9":{"start":{"line":26,"column":8},"end":{"line":26,"column":75}},"10":{"start":{"line":30,"column":8},"end":{"line":107,"column":10}},"11":{"start":{"line":110,"column":22},"end":{"line":113,"column":5}},"12":{"start":{"line":112,"column":8},"end":{"line":112,"column":50}},"13":{"start":{"line":115,"column":24},"end":{"line":117,"column":5}},"14":{"start":{"line":116,"column":8},"end":{"line":116,"column":53}},"15":{"start":{"line":119,"column":31},"end":{"line":121,"column":5}},"16":{"start":{"line":120,"column":8},"end":{"line":120,"column":58}},"17":{"start":{"line":123,"column":31},"end":{"line":125,"column":5}},"18":{"start":{"line":124,"column":8},"end":{"line":124,"column":59}},"19":{"start":{"line":127,"column":29},"end":{"line":129,"column":5}},"20":{"start":{"line":128,"column":8},"end":{"line":128,"column":57}},"21":{"start":{"line":131,"column":30},"end":{"line":133,"column":5}},"22":{"start":{"line":132,"column":8},"end":{"line":132,"column":58}},"23":{"start":{"line":135,"column":23},"end":{"line":137,"column":5}},"24":{"start":{"line":136,"column":8},"end":{"line":136,"column":51}},"25":{"start":{"line":139,"column":26},"end":{"line":141,"column":5}},"26":{"start":{"line":140,"column":8},"end":{"line":140,"column":54}}},"fnMap":{"0":{"name":"(anonymous_0)","decl":{"start":{"line":6,"column":4},"end":{"line":6,"column":5}},"loc":{"start":{"line":6,"column":23},"end":{"line":27,"column":5}},"line":6},"1":{"name":"(anonymous_1)","decl":{"start":{"line":28,"column":4},"end":{"line":28,"column":5}},"loc":{"start":{"line":28,"column":13},"end":{"line":108,"column":5}},"line":28},"2":{"name":"(anonymous_2)","decl":{"start":{"line":110,"column":22},"end":{"line":110,"column":23}},"loc":{"start":{"line":110,"column":33},"end":{"line":113,"column":5}},"line":110},"3":{"name":"(anonymous_3)","decl":{"start":{"line":115,"column":24},"end":{"line":115,"column":25}},"loc":{"start":{"line":115,"column":35},"end":{"line":117,"column":5}},"line":115},"4":{"name":"(anonymous_4)","decl":{"start":{"line":119,"column":31},"end":{"line":119,"column":32}},"loc":{"start":{"line":119,"column":42},"end":{"line":121,"column":5}},"line":119},"5":{"name":"(anonymous_5)","decl":{"start":{"line":123,"column":31},"end":{"line":123,"column":32}},"loc":{"start":{"line":123,"column":42},"end":{"line":125,"column":5}},"line":123},"6":{"name":"(anonymous_6)","decl":{"start":{"line":127,"column":29},"end":{"line":127,"column":30}},"loc":{"start":{"line":127,"column":40},"end":{"line":129,"column":5}},"line":127},"7":{"name":"(anonymous_7)","decl":{"start":{"line":131,"column":30},"end":{"line":131,"column":31}},"loc":{"start":{"line":131,"column":41},"end":{"line":133,"column":5}},"line":131},"8":{"name":"(anonymous_8)","decl":{"start":{"line":135,"column":23},"end":{"line":135,"column":24}},"loc":{"start":{"line":135,"column":34},"end":{"line":137,"column":5}},"line":135},"9":{"name":"(anonymous_9)","decl":{"start":{"line":139,"column":26},"end":{"line":139,"column":27}},"loc":{"start":{"line":139,"column":37},"end":{"line":141,"column":5}},"line":139}},"branchMap":{},"s":{"0":0,"1":0,"2":0,"3":0,"4":0,"5":0,"6":0,"7":0,"8":0,"9":0,"10":0,"11":0,"12":0,"13":0,"14":0,"15":0,"16":0,"17":0,"18":0,"19":0,"20":0,"21":0,"22":0,"23":0,"24":0,"25":0,"26":0},"f":{"0":0,"1":0,"2":0,"3":0,"4":0,"5":0,"6":0,"7":0,"8":0,"9":0},"b":{}}
,"/home/erich/IdeaProjects/Teacher_Platform/BA_Frontend/src/components/Register.js": {"path":"/home/erich/IdeaProjects/Teacher_Platform/BA_Frontend/src/components/Register.js","statementMap":{"0":{"start":{"line":11,"column":17},"end":{"line":19,"column":1}},"1":{"start":{"line":12,"column":4},"end":{"line":18,"column":5}},"2":{"start":{"line":13,"column":8},"end":{"line":17,"column":10}},"3":{"start":{"line":21,"column":19},"end":{"line":29,"column":1}},"4":{"start":{"line":22,"column":4},"end":{"line":28,"column":5}},"5":{"start":{"line":23,"column":8},"end":{"line":27,"column":10}},"6":{"start":{"line":31,"column":18},"end":{"line":39,"column":1}},"7":{"start":{"line":32,"column":4},"end":{"line":38,"column":5}},"8":{"start":{"line":33,"column":8},"end":{"line":37,"column":10}},"9":{"start":{"line":41,"column":18},"end":{"line":49,"column":1}},"10":{"start":{"line":42,"column":4},"end":{"line":48,"column":5}},"11":{"start":{"line":43,"column":8},"end":{"line":47,"column":10}},"12":{"start":{"line":51,"column":17},"end":{"line":158,"column":1}},"13":{"start":{"line":52,"column":17},"end":{"line":52,"column":25}},"14":{"start":{"line":53,"column":21},"end":{"line":53,"column":29}},"15":{"start":{"line":55,"column":36},"end":{"line":55,"column":48}},"16":{"start":{"line":56,"column":30},"end":{"line":56,"column":42}},"17":{"start":{"line":57,"column":36},"end":{"line":57,"column":48}},"18":{"start":{"line":58,"column":40},"end":{"line":58,"column":55}},"19":{"start":{"line":60,"column":21},"end":{"line":60,"column":34}},"20":{"start":{"line":62,"column":29},"end":{"line":65,"column":5}},"21":{"start":{"line":63,"column":25},"end":{"line":63,"column":39}},"22":{"start":{"line":64,"column":8},"end":{"line":64,"column":30}},"23":{"start":{"line":67,"column":26},"end":{"line":70,"column":5}},"24":{"start":{"line":68,"column":22},"end":{"line":68,"column":36}},"25":{"start":{"line":69,"column":8},"end":{"line":69,"column":24}},"26":{"start":{"line":72,"column":29},"end":{"line":75,"column":5}},"27":{"start":{"line":73,"column":25},"end":{"line":73,"column":39}},"28":{"start":{"line":74,"column":8},"end":{"line":74,"column":30}},"29":{"start":{"line":77,"column":27},"end":{"line":93,"column":5}},"30":{"start":{"line":78,"column":8},"end":{"line":78,"column":27}},"31":{"start":{"line":80,"column":8},"end":{"line":80,"column":29}},"32":{"start":{"line":82,"column":8},"end":{"line":82,"column":35}},"33":{"start":{"line":84,"column":8},"end":{"line":92,"column":9}},"34":{"start":{"line":85,"column":12},"end":{"line":91,"column":19}},"35":{"start":{"line":87,"column":20},"end":{"line":87,"column":40}},"36":{"start":{"line":90,"column":20},"end":{"line":90,"column":41}},"37":{"start":{"line":95,"column":23},"end":{"line":95,"column":31}},"38":{"start":{"line":96,"column":4},"end":{"line":99,"column":11}},"39":{"start":{"line":97,"column":27},"end":{"line":97,"column":45}},"40":{"start":{"line":98,"column":8},"end":{"line":98,"column":32}},"41":{"start":{"line":100,"column":4},"end":{"line":157,"column":6}}},"fnMap":{"0":{"name":"(anonymous_0)","decl":{"start":{"line":11,"column":17},"end":{"line":11,"column":18}},"loc":{"start":{"line":11,"column":28},"end":{"line":19,"column":1}},"line":11},"1":{"name":"(anonymous_1)","decl":{"start":{"line":21,"column":19},"end":{"line":21,"column":20}},"loc":{"start":{"line":21,"column":30},"end":{"line":29,"column":1}},"line":21},"2":{"name":"(anonymous_2)","decl":{"start":{"line":31,"column":18},"end":{"line":31,"column":19}},"loc":{"start":{"line":31,"column":29},"end":{"line":39,"column":1}},"line":31},"3":{"name":"(anonymous_3)","decl":{"start":{"line":41,"column":18},"end":{"line":41,"column":19}},"loc":{"start":{"line":41,"column":29},"end":{"line":49,"column":1}},"line":41},"4":{"name":"(anonymous_4)","decl":{"start":{"line":51,"column":17},"end":{"line":51,"column":18}},"loc":{"start":{"line":51,"column":23},"end":{"line":158,"column":1}},"line":51},"5":{"name":"(anonymous_5)","decl":{"start":{"line":62,"column":29},"end":{"line":62,"column":30}},"loc":{"start":{"line":62,"column":36},"end":{"line":65,"column":5}},"line":62},"6":{"name":"(anonymous_6)","decl":{"start":{"line":67,"column":26},"end":{"line":67,"column":27}},"loc":{"start":{"line":67,"column":33},"end":{"line":70,"column":5}},"line":67},"7":{"name":"(anonymous_7)","decl":{"start":{"line":72,"column":29},"end":{"line":72,"column":30}},"loc":{"start":{"line":72,"column":36},"end":{"line":75,"column":5}},"line":72},"8":{"name":"(anonymous_8)","decl":{"start":{"line":77,"column":27},"end":{"line":77,"column":28}},"loc":{"start":{"line":77,"column":34},"end":{"line":93,"column":5}},"line":77},"9":{"name":"(anonymous_9)","decl":{"start":{"line":86,"column":22},"end":{"line":86,"column":23}},"loc":{"start":{"line":86,"column":28},"end":{"line":88,"column":17}},"line":86},"10":{"name":"(anonymous_10)","decl":{"start":{"line":89,"column":23},"end":{"line":89,"column":24}},"loc":{"start":{"line":89,"column":29},"end":{"line":91,"column":17}},"line":89},"11":{"name":"(anonymous_11)","decl":{"start":{"line":96,"column":14},"end":{"line":96,"column":15}},"loc":{"start":{"line":96,"column":20},"end":{"line":99,"column":5}},"line":96}},"branchMap":{"0":{"loc":{"start":{"line":12,"column":4},"end":{"line":18,"column":5}},"type":"if","locations":[{"start":{"line":12,"column":4},"end":{"line":18,"column":5}},{"start":{},"end":{}}],"line":12},"1":{"loc":{"start":{"line":22,"column":4},"end":{"line":28,"column":5}},"type":"if","locations":[{"start":{"line":22,"column":4},"end":{"line":28,"column":5}},{"start":{},"end":{}}],"line":22},"2":{"loc":{"start":{"line":32,"column":4},"end":{"line":38,"column":5}},"type":"if","locations":[{"start":{"line":32,"column":4},"end":{"line":38,"column":5}},{"start":{},"end":{}}],"line":32},"3":{"loc":{"start":{"line":32,"column":8},"end":{"line":32,"column":45}},"type":"binary-expr","locations":[{"start":{"line":32,"column":8},"end":{"line":32,"column":24}},{"start":{"line":32,"column":28},"end":{"line":32,"column":45}}],"line":32},"4":{"loc":{"start":{"line":42,"column":4},"end":{"line":48,"column":5}},"type":"if","locations":[{"start":{"line":42,"column":4},"end":{"line":48,"column":5}},{"start":{},"end":{}}],"line":42},"5":{"loc":{"start":{"line":42,"column":8},"end":{"line":42,"column":45}},"type":"binary-expr","locations":[{"start":{"line":42,"column":8},"end":{"line":42,"column":24}},{"start":{"line":42,"column":28},"end":{"line":42,"column":45}}],"line":42},"6":{"loc":{"start":{"line":84,"column":8},"end":{"line":92,"column":9}},"type":"if","locations":[{"start":{"line":84,"column":8},"end":{"line":92,"column":9}},{"start":{},"end":{}}],"line":84},"7":{"loc":{"start":{"line":110,"column":21},"end":{"line":152,"column":21}},"type":"binary-expr","locations":[{"start":{"line":110,"column":21},"end":{"line":110,"column":32}},{"start":{"line":111,"column":24},"end":{"line":151,"column":30}}],"line":110}},"s":{"0":0,"1":0,"2":0,"3":0,"4":0,"5":0,"6":0,"7":0,"8":0,"9":0,"10":0,"11":0,"12":0,"13":0,"14":0,"15":0,"16":0,"17":0,"18":0,"19":0,"20":0,"21":0,"22":0,"23":0,"24":0,"25":0,"26":0,"27":0,"28":0,"29":0,"30":0,"31":0,"32":0,"33":0,"34":0,"35":0,"36":0,"37":0,"38":0,"39":0,"40":0,"41":0},"f":{"0":0,"1":0,"2":0,"3":0,"4":0,"5":0,"6":0,"7":0,"8":0,"9":0,"10":0,"11":0},"b":{"0":[0,0],"1":[0,0],"2":[0,0],"3":[0,0],"4":[0,0],"5":[0,0],"6":[0,0],"7":[0,0]}}
,"/home/erich/IdeaProjects/Teacher_Platform/BA_Frontend/src/components/SearchLesson.js": {"path":"/home/erich/IdeaProjects/Teacher_Platform/BA_Frontend/src/components/SearchLesson.js","statementMap":{"0":{"start":{"line":5,"column":13},"end":{"line":36,"column":1}},"1":{"start":{"line":6,"column":19},"end":{"line":6,"column":32}},"2":{"start":{"line":8,"column":30},"end":{"line":8,"column":42}},"3":{"start":{"line":10,"column":21},"end":{"line":13,"column":5}},"4":{"start":{"line":11,"column":22},"end":{"line":11,"column":36}},"5":{"start":{"line":12,"column":8},"end":{"line":12,"column":24}},"6":{"start":{"line":15,"column":20},"end":{"line":18,"column":5}},"7":{"start":{"line":16,"column":8},"end":{"line":16,"column":27}},"8":{"start":{"line":17,"column":8},"end":{"line":17,"column":59}},"9":{"start":{"line":20,"column":4},"end":{"line":35,"column":6}},"10":{"start":{"line":29,"column":43},"end":{"line":29,"column":58}}},"fnMap":{"0":{"name":"(anonymous_0)","decl":{"start":{"line":5,"column":13},"end":{"line":5,"column":14}},"loc":{"start":{"line":5,"column":19},"end":{"line":36,"column":1}},"line":5},"1":{"name":"(anonymous_1)","decl":{"start":{"line":10,"column":21},"end":{"line":10,"column":22}},"loc":{"start":{"line":10,"column":28},"end":{"line":13,"column":5}},"line":10},"2":{"name":"(anonymous_2)","decl":{"start":{"line":15,"column":20},"end":{"line":15,"column":21}},"loc":{"start":{"line":15,"column":26},"end":{"line":18,"column":5}},"line":15},"3":{"name":"(anonymous_3)","decl":{"start":{"line":29,"column":34},"end":{"line":29,"column":35}},"loc":{"start":{"line":29,"column":43},"end":{"line":29,"column":58}},"line":29}},"branchMap":{},"s":{"0":0,"1":0,"2":0,"3":0,"4":0,"5":0,"6":0,"7":0,"8":0,"9":0,"10":0},"f":{"0":0,"1":0,"2":0,"3":0},"b":{}}
,"/home/erich/IdeaProjects/Teacher_Platform/BA_Frontend/src/components/ShowLesson.jsx": {"path":"/home/erich/IdeaProjects/Teacher_Platform/BA_Frontend/src/components/ShowLesson.jsx","statementMap":{"0":{"start":{"line":7,"column":19},"end":{"line":154,"column":1}},"1":{"start":{"line":8,"column":21},"end":{"line":8,"column":34}},"2":{"start":{"line":9,"column":21},"end":{"line":9,"column":34}},"3":{"start":{"line":10,"column":20},"end":{"line":10,"column":37}},"4":{"start":{"line":12,"column":28},"end":{"line":12,"column":40}},"5":{"start":{"line":13,"column":34},"end":{"line":13,"column":46}},"6":{"start":{"line":14,"column":30},"end":{"line":14,"column":41}},"7":{"start":{"line":15,"column":32},"end":{"line":15,"column":44}},"8":{"start":{"line":16,"column":30},"end":{"line":16,"column":42}},"9":{"start":{"line":17,"column":42},"end":{"line":17,"column":54}},"10":{"start":{"line":18,"column":30},"end":{"line":18,"column":42}},"11":{"start":{"line":19,"column":40},"end":{"line":19,"column":52}},"12":{"start":{"line":20,"column":46},"end":{"line":20,"column":58}},"13":{"start":{"line":21,"column":44},"end":{"line":21,"column":56}},"14":{"start":{"line":22,"column":38},"end":{"line":22,"column":50}},"15":{"start":{"line":23,"column":36},"end":{"line":23,"column":48}},"16":{"start":{"line":24,"column":36},"end":{"line":24,"column":51}},"17":{"start":{"line":25,"column":36},"end":{"line":25,"column":48}},"18":{"start":{"line":27,"column":42},"end":{"line":27,"column":54}},"19":{"start":{"line":29,"column":31},"end":{"line":39,"column":5}},"20":{"start":{"line":30,"column":8},"end":{"line":38,"column":11}},"21":{"start":{"line":31,"column":12},"end":{"line":31,"column":33}},"22":{"start":{"line":32,"column":28},"end":{"line":32,"column":97}},"23":{"start":{"line":33,"column":24},"end":{"line":33,"column":51}},"24":{"start":{"line":34,"column":12},"end":{"line":34,"column":33}},"25":{"start":{"line":35,"column":30},"end":{"line":35,"column":58}},"26":{"start":{"line":36,"column":12},"end":{"line":36,"column":105}},"27":{"start":{"line":37,"column":12},"end":{"line":37,"column":26}},"28":{"start":{"line":41,"column":4},"end":{"line":59,"column":11}},"29":{"start":{"line":42,"column":8},"end":{"line":58,"column":11}},"30":{"start":{"line":43,"column":12},"end":{"line":43,"column":51}},"31":{"start":{"line":44,"column":12},"end":{"line":44,"column":57}},"32":{"start":{"line":45,"column":12},"end":{"line":45,"column":53}},"33":{"start":{"line":46,"column":12},"end":{"line":46,"column":55}},"34":{"start":{"line":47,"column":12},"end":{"line":47,"column":53}},"35":{"start":{"line":48,"column":12},"end":{"line":48,"column":65}},"36":{"start":{"line":49,"column":12},"end":{"line":49,"column":53}},"37":{"start":{"line":50,"column":12},"end":{"line":50,"column":63}},"38":{"start":{"line":51,"column":12},"end":{"line":51,"column":69}},"39":{"start":{"line":52,"column":12},"end":{"line":52,"column":67}},"40":{"start":{"line":53,"column":12},"end":{"line":53,"column":61}},"41":{"start":{"line":54,"column":12},"end":{"line":54,"column":59}},"42":{"start":{"line":55,"column":12},"end":{"line":55,"column":59}},"43":{"start":{"line":56,"column":12},"end":{"line":56,"column":51}},"44":{"start":{"line":57,"column":12},"end":{"line":57,"column":43}},"45":{"start":{"line":61,"column":4},"end":{"line":153,"column":6}},"46":{"start":{"line":129,"column":24},"end":{"line":146,"column":29}},"47":{"start":{"line":141,"column":44},"end":{"line":141,"column":217}},"48":{"start":{"line":141,"column":114},"end":{"line":141,"column":153}},"49":{"start":{"line":151,"column":61},"end":{"line":151,"column":73}}},"fnMap":{"0":{"name":"(anonymous_0)","decl":{"start":{"line":7,"column":19},"end":{"line":7,"column":20}},"loc":{"start":{"line":7,"column":25},"end":{"line":154,"column":1}},"line":7},"1":{"name":"(anonymous_1)","decl":{"start":{"line":29,"column":31},"end":{"line":29,"column":32}},"loc":{"start":{"line":29,"column":41},"end":{"line":39,"column":5}},"line":29},"2":{"name":"(anonymous_2)","decl":{"start":{"line":30,"column":32},"end":{"line":30,"column":33}},"loc":{"start":{"line":30,"column":46},"end":{"line":38,"column":9}},"line":30},"3":{"name":"(anonymous_3)","decl":{"start":{"line":41,"column":14},"end":{"line":41,"column":15}},"loc":{"start":{"line":41,"column":20},"end":{"line":59,"column":5}},"line":41},"4":{"name":"(anonymous_4)","decl":{"start":{"line":42,"column":34},"end":{"line":42,"column":35}},"loc":{"start":{"line":42,"column":43},"end":{"line":58,"column":9}},"line":42},"5":{"name":"(anonymous_5)","decl":{"start":{"line":128,"column":37},"end":{"line":128,"column":38}},"loc":{"start":{"line":129,"column":24},"end":{"line":146,"column":29}},"line":129},"6":{"name":"(anonymous_6)","decl":{"start":{"line":140,"column":60},"end":{"line":140,"column":61}},"loc":{"start":{"line":141,"column":44},"end":{"line":141,"column":217}},"line":141},"7":{"name":"(anonymous_7)","decl":{"start":{"line":141,"column":108},"end":{"line":141,"column":109}},"loc":{"start":{"line":141,"column":114},"end":{"line":141,"column":153}},"line":141},"8":{"name":"(anonymous_8)","decl":{"start":{"line":151,"column":56},"end":{"line":151,"column":57}},"loc":{"start":{"line":151,"column":61},"end":{"line":151,"column":73}},"line":151}},"branchMap":{},"s":{"0":0,"1":0,"2":0,"3":0,"4":0,"5":0,"6":0,"7":0,"8":0,"9":0,"10":0,"11":0,"12":0,"13":0,"14":0,"15":0,"16":0,"17":0,"18":0,"19":0,"20":0,"21":0,"22":0,"23":0,"24":0,"25":0,"26":0,"27":0,"28":0,"29":0,"30":0,"31":0,"32":0,"33":0,"34":0,"35":0,"36":0,"37":0,"38":0,"39":0,"40":0,"41":0,"42":0,"43":0,"44":0,"45":0,"46":0,"47":0,"48":0,"49":0},"f":{"0":0,"1":0,"2":0,"3":0,"4":0,"5":0,"6":0,"7":0,"8":0},"b":{}}
,"/home/erich/IdeaProjects/Teacher_Platform/BA_Frontend/src/components/ShowLessons.jsx": {"path":"/home/erich/IdeaProjects/Teacher_Platform/BA_Frontend/src/components/ShowLessons.jsx","statementMap":{"0":{"start":{"line":6,"column":20},"end":{"line":63,"column":1}},"1":{"start":{"line":8,"column":19},"end":{"line":8,"column":32}},"2":{"start":{"line":10,"column":34},"end":{"line":10,"column":46}},"3":{"start":{"line":12,"column":21},"end":{"line":12,"column":34}},"4":{"start":{"line":13,"column":16},"end":{"line":13,"column":36}},"5":{"start":{"line":15,"column":4},"end":{"line":20,"column":11}},"6":{"start":{"line":16,"column":8},"end":{"line":19,"column":11}},"7":{"start":{"line":17,"column":12},"end":{"line":17,"column":29}},"8":{"start":{"line":18,"column":12},"end":{"line":18,"column":33}},"9":{"start":{"line":22,"column":25},"end":{"line":24,"column":5}},"10":{"start":{"line":23,"column":8},"end":{"line":23,"column":49}},"11":{"start":{"line":27,"column":4},"end":{"line":62,"column":6}},"12":{"start":{"line":46,"column":32},"end":{"line":54,"column":37}},"13":{"start":{"line":52,"column":91},"end":{"line":52,"column":117}}},"fnMap":{"0":{"name":"(anonymous_0)","decl":{"start":{"line":6,"column":20},"end":{"line":6,"column":21}},"loc":{"start":{"line":6,"column":26},"end":{"line":63,"column":1}},"line":6},"1":{"name":"(anonymous_1)","decl":{"start":{"line":15,"column":14},"end":{"line":15,"column":15}},"loc":{"start":{"line":15,"column":20},"end":{"line":20,"column":5}},"line":15},"2":{"name":"(anonymous_2)","decl":{"start":{"line":16,"column":34},"end":{"line":16,"column":35}},"loc":{"start":{"line":16,"column":43},"end":{"line":19,"column":9}},"line":16},"3":{"name":"(anonymous_3)","decl":{"start":{"line":22,"column":25},"end":{"line":22,"column":26}},"loc":{"start":{"line":22,"column":32},"end":{"line":24,"column":5}},"line":22},"4":{"name":"(anonymous_4)","decl":{"start":{"line":45,"column":28},"end":{"line":45,"column":29}},"loc":{"start":{"line":46,"column":32},"end":{"line":54,"column":37}},"line":46},"5":{"name":"(anonymous_5)","decl":{"start":{"line":52,"column":85},"end":{"line":52,"column":86}},"loc":{"start":{"line":52,"column":91},"end":{"line":52,"column":117}},"line":52}},"branchMap":{},"s":{"0":0,"1":0,"2":0,"3":0,"4":0,"5":0,"6":0,"7":0,"8":0,"9":0,"10":0,"11":0,"12":0,"13":0},"f":{"0":0,"1":0,"2":0,"3":0,"4":0,"5":0},"b":{}}
,"/home/erich/IdeaProjects/Teacher_Platform/BA_Frontend/src/components/ShowLessonsNew.jsx": {"path":"/home/erich/IdeaProjects/Teacher_Platform/BA_Frontend/src/components/ShowLessonsNew.jsx","statementMap":{"0":{"start":{"line":8,"column":12},"end":{"line":8,"column":29}},"1":{"start":{"line":11,"column":8},"end":{"line":13,"column":70}},"2":{"start":{"line":12,"column":30},"end":{"line":12,"column":45}},"3":{"start":{"line":13,"column":28},"end":{"line":13,"column":66}},"4":{"start":{"line":17,"column":28},"end":{"line":17,"column":38}},"5":{"start":{"line":18,"column":26},"end":{"line":18,"column":42}},"6":{"start":{"line":19,"column":8},"end":{"line":46,"column":10}},"7":{"start":{"line":38,"column":36},"end":{"line":38,"column":69}},"8":{"start":{"line":50,"column":0},"end":{"line":50,"column":60}}},"fnMap":{"0":{"name":"(anonymous_0)","decl":{"start":{"line":10,"column":4},"end":{"line":10,"column":5}},"loc":{"start":{"line":10,"column":24},"end":{"line":14,"column":5}},"line":10},"1":{"name":"(anonymous_1)","decl":{"start":{"line":12,"column":18},"end":{"line":12,"column":19}},"loc":{"start":{"line":12,"column":30},"end":{"line":12,"column":45}},"line":12},"2":{"name":"(anonymous_2)","decl":{"start":{"line":13,"column":18},"end":{"line":13,"column":19}},"loc":{"start":{"line":13,"column":26},"end":{"line":13,"column":68}},"line":13},"3":{"name":"(anonymous_3)","decl":{"start":{"line":16,"column":4},"end":{"line":16,"column":5}},"loc":{"start":{"line":16,"column":13},"end":{"line":47,"column":5}},"line":16},"4":{"name":"(anonymous_4)","decl":{"start":{"line":37,"column":46},"end":{"line":37,"column":47}},"loc":{"start":{"line":38,"column":36},"end":{"line":38,"column":69}},"line":38}},"branchMap":{"0":{"loc":{"start":{"line":35,"column":29},"end":{"line":39,"column":33}},"type":"cond-expr","locations":[{"start":{"line":36,"column":34},"end":{"line":36,"column":136}},{"start":{"line":37,"column":34},"end":{"line":39,"column":33}}],"line":35}},"s":{"0":0,"1":0,"2":0,"3":0,"4":0,"5":0,"6":0,"7":0,"8":0},"f":{"0":0,"1":0,"2":0,"3":0,"4":0},"b":{"0":[0,0]}}
[...]
":34},"end":{"line":211,"column":5}},"line":202},"28":{"name":"(anonymous_28)","decl":{"start":{"line":213,"column":23},"end":{"line":213,"column":24}},"loc":{"start":{"line":213,"column":36},"end":{"line":266,"column":5}},"line":213},"29":{"name":"(anonymous_29)","decl":{"start":{"line":229,"column":22},"end":{"line":229,"column":23}},"loc":{"start":{"line":229,"column":42},"end":{"line":236,"column":17}},"line":229},"30":{"name":"(anonymous_30)","decl":{"start":{"line":417,"column":29},"end":{"line":417,"column":30}},"loc":{"start":{"line":417,"column":47},"end":{"line":504,"column":13}},"line":417},"31":{"name":"(anonymous_31)","decl":{"start":{"line":427,"column":38},"end":{"line":427,"column":39}},"loc":{"start":{"line":427,"column":47},"end":{"line":427,"column":78}},"line":427},"32":{"name":"(anonymous_32)","decl":{"start":{"line":435,"column":38},"end":{"line":435,"column":39}},"loc":{"start":{"line":435,"column":47},"end":{"line":435,"column":78}},"line":435},"33":{"name":"(anonymous_33)","decl":{"start":{"line":443,"column":38},"end":{"line":443,"column":39}},"loc":{"start":{"line":443,"column":47},"end":{"line":443,"column":78}},"line":443},"34":{"name":"(anonymous_34)","decl":{"start":{"line":451,"column":38},"end":{"line":451,"column":39}},"loc":{"start":{"line":451,"column":47},"end":{"line":451,"column":78}},"line":451},"35":{"name":"(anonymous_35)","decl":{"start":{"line":459,"column":38},"end":{"line":459,"column":39}},"loc":{"start":{"line":459,"column":47},"end":{"line":459,"column":78}},"line":459},"36":{"name":"(anonymous_36)","decl":{"start":{"line":467,"column":38},"end":{"line":467,"column":39}},"loc":{"start":{"line":467,"column":47},"end":{"line":467,"column":78}},"line":467},"37":{"name":"(anonymous_37)","decl":{"start":{"line":475,"column":38},"end":{"line":475,"column":39}},"loc":{"start":{"line":475,"column":47},"end":{"line":475,"column":78}},"line":475},"38":{"name":"(anonymous_38)","decl":{"start":{"line":480,"column":52},"end":{"line":480,"column":53}},"loc":{"start":{"line":481,"column":36},"end":{"line":484,"column":41}},"line":481},"39":{"name":"(anonymous_39)","decl":{"start":{"line":483,"column":88},"end":{"line":483,"column":89}},"loc":{"start":{"line":483,"column":94},"end":{"line":483,"column":124}},"line":483},"40":{"name":"(anonymous_40)","decl":{"start":{"line":493,"column":38},"end":{"line":493,"column":39}},"loc":{"start":{"line":493,"column":47},"end":{"line":493,"column":78}},"line":493},"41":{"name":"(anonymous_41)","decl":{"start":{"line":497,"column":73},"end":{"line":497,"column":74}},"loc":{"start":{"line":497,"column":79},"end":{"line":497,"column":94}},"line":497},"42":{"name":"(anonymous_42)","decl":{"start":{"line":498,"column":102},"end":{"line":498,"column":103}},"loc":{"start":{"line":498,"column":108},"end":{"line":498,"column":125}},"line":498},"43":{"name":"(anonymous_43)","decl":{"start":{"line":499,"column":101},"end":{"line":499,"column":102}},"loc":{"start":{"line":499,"column":107},"end":{"line":499,"column":131}},"line":499},"44":{"name":"(anonymous_44)","decl":{"start":{"line":534,"column":17},"end":{"line":534,"column":18}},"loc":{"start":{"line":534,"column":28},"end":{"line":542,"column":1}},"line":534}},"branchMap":{"0":{"loc":{"start":{"line":40,"column":8},"end":{"line":60,"column":9}},"type":"if","locations":[{"start":{"line":40,"column":8},"end":{"line":60,"column":9}},{"start":{},"end":{}}],"line":40},"1":{"loc":{"start":{"line":144,"column":8},"end":{"line":148,"column":9}},"type":"if","locations":[{"start":{"line":144,"column":8},"end":{"line":148,"column":9}},{"start":{"line":146,"column":15},"end":{"line":148,"column":9}}],"line":144},"2":{"loc":{"start":{"line":153,"column":8},"end":{"line":168,"column":9}},"type":"if","locations":[{"start":{"line":153,"column":8},"end":{"line":168,"column":9}},{"start":{"line":164,"column":15},"end":{"line":168,"column":9}}],"line":153},"3":{"loc":{"start":{"line":184,"column":8},"end":{"line":188,"column":9}},"type":"if","locations":[{"start":{"line":184,"column":8},"end":{"line":188,"column":9}},{"start":{"line":186,"column":15},"end":{"line":188,"column":9}}],"line":184},"4":{"loc":{"start":{"line":192,"column":8},"end":{"line":194,"column":9}},"type":"if","locations":[{"start":{"line":192,"column":8},"end":{"line":194,"column":9}},{"start":{},"end":{}}],"line":192},"5":{"loc":{"start":{"line":203,"column":8},"end":{"line":205,"column":9}},"type":"if","locations":[{"start":{"line":203,"column":8},"end":{"line":205,"column":9}},{"start":{},"end":{}}],"line":203},"6":{"loc":{"start":{"line":258,"column":8},"end":{"line":264,"column":9}},"type":"if","locations":[{"start":{"line":258,"column":8},"end":{"line":264,"column":9}},{"start":{"line":261,"column":15},"end":{"line":264,"column":9}}],"line":258},"7":{"loc":{"start":{"line":268,"column":4},"end":{"line":270,"column":5}},"type":"if","locations":[{"start":{"line":268,"column":4},"end":{"line":270,"column":5}},{"start":{},"end":{}}],"line":268},"8":{"loc":{"start":{"line":535,"column":4},"end":{"line":541,"column":5}},"type":"if","locations":[{"start":{"line":535,"column":4},"end":{"line":541,"column":5}},{"start":{},"end":{}}],"line":535}},"s":{"0":0,"1":0,"2":0,"3":0,"4":0,"5":0,"6":0,"7":0,"8":0,"9":0,"10":0,"11":0,"12":0,"13":0,"14":0,"15":0,"16":0,"17":0,"18":0,"19":0,"20":0,"21":0,"22":0,"23":0,"24":0,"25":0,"26":0,"27":0,"28":0,"29":0,"30":0,"31":0,"32":0,"33":0,"34":0,"35":0,"36":0,"37":0,"38":0,"39":0,"40":0,"41":0,"42":0,"43":0,"44":0,"45":0,"46":0,"47":0,"48":0,"49":0,"50":0,"51":0,"52":0,"53":0,"54":0,"55":0,"56":0,"57":0,"58":0,"59":0,"60":0,"61":0,"62":0,"63":0,"64":0,"65":0,"66":0,"67":0,"68":0,"69":0,"70":0,"71":0,"72":0,"73":0,"74":0,"75":0,"76":0,"77":0,"78":0,"79":0,"80":0,"81":0,"82":0,"83":0,"84":0,"85":0,"86":0,"87":0,"88":0,"89":0,"90":0,"91":0,"92":0,"93":0,"94":0,"95":0,"96":0,"97":0,"98":0,"99":0,"100":0,"101":0,"102":0,"103":0,"104":0,"105":0,"106":0,"107":0,"108":0,"109":0,"110":0,"111":0,"112":0,"113":0,"114":0,"115":0,"116":0,"117":0,"118":0,"119":0,"120":0,"121":0,"122":0,"123":0,"124":0,"125":0,"126":0,"127":0,"128":0,"129":0,"130":0,"131":0,"132":0,"133":0,"134":0,"135":0,"136":0,"137":0,"138":0,"139":0,"140":0,"141":0,"142":0,"143":0,"144":0,"145":0,"146":0,"147":0,"148":0,"149":0,"150":0,"151":0,"152":0,"153":0,"154":0,"155":0,"156":0,"157":0,"158":0,"159":0,"160":0,"161":0,"162":0,"163":0,"164":0,"165":0,"166":0,"167":0,"168":0,"169":0},"f":{"0":0,"1":0,"2":0,"3":0,"4":0,"5":0,"6":0,"7":0,"8":0,"9":0,"10":0,"11":0,"12":0,"13":0,"14":0,"15":0,"16":0,"17":0,"18":0,"19":0,"20":0,"21":0,"22":0,"23":0,"24":0,"25":0,"26":0,"27":0,"28":0,"29":0,"30":0,"31":0,"32":0,"33":0,"34":0,"35":0,"36":0,"37":0,"38":0,"39":0,"40":0,"41":0,"42":0,"43":0,"44":0},"b":{"0":[0,0],"1":[0,0],"2":[0,0],"3":[0,0],"4":[0,0],"5":[0,0],"6":[0,0],"7":[0,0],"8":[0,0]}}
,"/home/erich/IdeaProjects/Teacher_Platform/BA_Frontend/src/reducers/auth.js": {"path":"/home/erich/IdeaProjects/Teacher_Platform/BA_Frontend/src/reducers/auth.js","statementMap":{"0":{"start":{"line":9,"column":13},"end":{"line":9,"column":53}},"1":{"start":{"line":11,"column":21},"end":{"line":13,"column":39}},"2":{"start":{"line":16,"column":30},"end":{"line":16,"column":36}},"3":{"start":{"line":18,"column":4},"end":{"line":49,"column":5}},"4":{"start":{"line":20,"column":12},"end":{"line":23,"column":14}},"5":{"start":{"line":25,"column":12},"end":{"line":28,"column":14}},"6":{"start":{"line":30,"column":12},"end":{"line":34,"column":14}},"7":{"start":{"line":36,"column":12},"end":{"line":40,"column":14}},"8":{"start":{"line":42,"column":12},"end":{"line":46,"column":14}},"9":{"start":{"line":48,"column":12},"end":{"line":48,"column":25}}},"fnMap":{"0":{"name":"(anonymous_0)","decl":{"start":{"line":15,"column":15},"end":{"line":15,"column":16}},"loc":{"start":{"line":15,"column":55},"end":{"line":50,"column":1}},"line":15}},"branchMap":{"0":{"loc":{"start":{"line":11,"column":21},"end":{"line":13,"column":39}},"type":"cond-expr","locations":[{"start":{"line":12,"column":6},"end":{"line":12,"column":32}},{"start":{"line":13,"column":6},"end":{"line":13,"column":39}}],"line":11},"1":{"loc":{"start":{"line":15,"column":25},"end":{"line":15,"column":45}},"type":"default-arg","locations":[{"start":{"line":15,"column":33},"end":{"line":15,"column":45}}],"line":15},"2":{"loc":{"start":{"line":18,"column":4},"end":{"line":49,"column":5}},"type":"switch","locations":[{"start":{"line":19,"column":8},"end":{"line":23,"column":14}},{"start":{"line":24,"column":8},"end":{"line":28,"column":14}},{"start":{"line":29,"column":8},"end":{"line":34,"column":14}},{"start":{"line":35,"column":8},"end":{"line":40,"column":14}},{"start":{"line":41,"column":8},"end":{"line":46,"column":14}},{"start":{"line":47,"column":8},"end":{"line":48,"column":25}}],"line":18}},"s":{"0":0,"1":0,"2":0,"3":0,"4":0,"5":0,"6":0,"7":0,"8":0,"9":0},"f":{"0":0},"b":{"0":[0,0],"1":[0],"2":[0,0,0,0,0,0]}}
,"/home/erich/IdeaProjects/Teacher_Platform/BA_Frontend/src/reducers/index.js": {"path":"/home/erich/IdeaProjects/Teacher_Platform/BA_Frontend/src/reducers/index.js","statementMap":{},"fnMap":{},"branchMap":{},"s":{},"f":{},"b":{}}
,"/home/erich/IdeaProjects/Teacher_Platform/BA_Frontend/src/reducers/message.js": {"path":"/home/erich/IdeaProjects/Teacher_Platform/BA_Frontend/src/reducers/message.js","statementMap":{"0":{"start":{"line":3,"column":21},"end":{"line":3,"column":23}},"1":{"start":{"line":6,"column":30},"end":{"line":6,"column":36}},"2":{"start":{"line":8,"column":4},"end":{"line":17,"column":5}},"3":{"start":{"line":10,"column":12},"end":{"line":10,"column":40}},"4":{"start":{"line":13,"column":12},"end":{"line":13,"column":35}},"5":{"start":{"line":16,"column":12},"end":{"line":16,"column":25}}},"fnMap":{"0":{"name":"(anonymous_0)","decl":{"start":{"line":5,"column":15},"end":{"line":5,"column":16}},"loc":{"start":{"line":5,"column":55},"end":{"line":18,"column":1}},"line":5}},"branchMap":{"0":{"loc":{"start":{"line":5,"column":25},"end":{"line":5,"column":45}},"type":"default-arg","locations":[{"start":{"line":5,"column":33},"end":{"line":5,"column":45}}],"line":5},"1":{"loc":{"start":{"line":8,"column":4},"end":{"line":17,"column":5}},"type":"switch","locations":[{"start":{"line":9,"column":8},"end":{"line":10,"column":40}},{"start":{"line":12,"column":8},"end":{"line":13,"column":35}},{"start":{"line":15,"column":8},"end":{"line":16,"column":25}}],"line":8}},"s":{"0":0,"1":0,"2":0,"3":0,"4":0,"5":0},"f":{"0":0},"b":{"0":[0],"1":[0,0,0]}}
,"/home/erich/IdeaProjects/Teacher_Platform/BA_Frontend/src/services/FileService.js": {"path":"/home/erich/IdeaProjects/Teacher_Platform/BA_Frontend/src/services/FileService.js","statementMap":{"0":{"start":{"line":4,"column":30},"end":{"line":4,"column":63}},"1":{"start":{"line":5,"column":32},"end":{"line":5,"column":69}},"2":{"start":{"line":6,"column":30},"end":{"line":6,"column":65}},"3":{"start":{"line":10,"column":26},"end":{"line":19,"column":1}},"4":{"start":{"line":11,"column":17},"end":{"line":14,"column":5}},"5":{"start":{"line":16,"column":4},"end":{"line":18,"column":6}},"6":{"start":{"line":21,"column":28},"end":{"line":23,"column":1}},"7":{"start":{"line":22,"column":4},"end":{"line":22,"column":84}},"8":{"start":{"line":25,"column":26},"end":{"line":27,"column":1}},"9":{"start":{"line":26,"column":4},"end":{"line":26,"column":136}}},"fnMap":{"0":{"name":"(anonymous_0)","decl":{"start":{"line":10,"column":26},"end":{"line":10,"column":27}},"loc":{"start":{"line":10,"column":36},"end":{"line":19,"column":1}},"line":10},"1":{"name":"(anonymous_1)","decl":{"start":{"line":21,"column":28},"end":{"line":21,"column":29}},"loc":{"start":{"line":21,"column":42},"end":{"line":23,"column":1}},"line":21},"2":{"name":"(anonymous_2)","decl":{"start":{"line":25,"column":26},"end":{"line":25,"column":27}},"loc":{"start":{"line":25,"column":40},"end":{"line":27,"column":1}},"line":25}},"branchMap":{},"s":{"0":0,"1":0,"2":0,"3":0,"4":0,"5":0,"6":0,"7":0,"8":0,"9":0},"f":{"0":0,"1":0,"2":0},"b":{}}
,"/home/erich/IdeaProjects/Teacher_Platform/BA_Frontend/src/services/LessonService.js": {"path":"/home/erich/IdeaProjects/Teacher_Platform/BA_Frontend/src/services/LessonService.js","statementMap":{"0":{"start":{"line":4,"column":38},"end":{"line":4,"column":73}},"1":{"start":{"line":6,"column":23},"end":{"line":8,"column":1}},"2":{"start":{"line":7,"column":4},"end":{"line":7,"column":89}},"3":{"start":{"line":10,"column":29},"end":{"line":12,"column":1}},"4":{"start":{"line":11,"column":4},"end":{"line":11,"column":75}},"5":{"start":{"line":14,"column":26},"end":{"line":16,"column":1}},"6":{"start":{"line":15,"column":4},"end":{"line":15,"column":85}},"7":{"start":{"line":18,"column":26},"end":{"line":22,"column":1}},"8":{"start":{"line":19,"column":4},"end":{"line":19,"column":23}},"9":{"start":{"line":20,"column":4},"end":{"line":20,"column":29}},"10":{"start":{"line":21,"column":4},"end":{"line":21,"column":98}},"11":{"start":{"line":24,"column":26},"end":{"line":26,"column":1}},"12":{"start":{"line":25,"column":4},"end":{"line":25,"column":97}},"13":{"start":{"line":28,"column":26},"end":{"line":30,"column":1}},"14":{"start":{"line":29,"column":4},"end":{"line":29,"column":103}}},"fnMap":{"0":{"name":"(anonymous_0)","decl":{"start":{"line":6,"column":23},"end":{"line":6,"column":24}},"loc":{"start":{"line":6,"column":31},"end":{"line":8,"column":1}},"line":6},"1":{"name":"(anonymous_1)","decl":{"start":{"line":10,"column":29},"end":{"line":10,"column":30}},"loc":{"start":{"line":10,"column":40},"end":{"line":12,"column":1}},"line":10},"2":{"name":"(anonymous_2)","decl":{"start":{"line":14,"column":26},"end":{"line":14,"column":27}},"loc":{"start":{"line":14,"column":32},"end":{"line":16,"column":1}},"line":14},"3":{"name":"(anonymous_3)","decl":{"start":{"line":18,"column":26},"end":{"line":18,"column":27}},"loc":{"start":{"line":18,"column":38},"end":{"line":22,"column":1}},"line":18},"4":{"name":"(anonymous_4)","decl":{"start":{"line":24,"column":26},"end":{"line":24,"column":27}},"loc":{"start":{"line":24,"column":38},"end":{"line":26,"column":1}},"line":24},"5":{"name":"(anonymous_5)","decl":{"start":{"line":28,"column":26},"end":{"line":28,"column":27}},"loc":{"start":{"line":28,"column":40},"end":{"line":30,"column":1}},"line":28}},"branchMap":{},"s":{"0":0,"1":0,"2":0,"3":0,"4":0,"5":0,"6":0,"7":0,"8":0,"9":0,"10":0,"11":0,"12":0,"13":0,"14":0},"f":{"0":0,"1":0,"2":0,"3":0,"4":0,"5":0},"b":{}}
,"/home/erich/IdeaProjects/Teacher_Platform/BA_Frontend/src/services/auth-header.js": {"path":"/home/erich/IdeaProjects/Teacher_Platform/BA_Frontend/src/services/auth-header.js","statementMap":{"0":{"start":{"line":2,"column":17},"end":{"line":2,"column":57}},"1":{"start":{"line":4,"column":4},"end":{"line":8,"column":5}},"2":{"start":{"line":5,"column":8},"end":{"line":5,"column":63}},"3":{"start":{"line":7,"column":8},"end":{"line":7,"column":18}}},"fnMap":{"0":{"name":"authHeader","decl":{"start":{"line":1,"column":24},"end":{"line":1,"column":34}},"loc":{"start":{"line":1,"column":37},"end":{"line":9,"column":1}},"line":1}},"branchMap":{"0":{"loc":{"start":{"line":4,"column":4},"end":{"line":8,"column":5}},"type":"if","locations":[{"start":{"line":4,"column":4},"end":{"line":8,"column":5}},{"start":{"line":6,"column":11},"end":{"line":8,"column":5}}],"line":4},"1":{"loc":{"start":{"line":4,"column":8},"end":{"line":4,"column":32}},"type":"binary-expr","locations":[{"start":{"line":4,"column":8},"end":{"line":4,"column":12}},{"start":{"line":4,"column":16},"end":{"line":4,"column":32}}],"line":4}},"s":{"0":0,"1":0,"2":0,"3":0},"f":{"0":0},"b":{"0":[0,0],"1":[0,0]}}
,"/home/erich/IdeaProjects/Teacher_Platform/BA_Frontend/src/services/auth.service.js": {"path":"/home/erich/IdeaProjects/Teacher_Platform/BA_Frontend/src/services/auth.service.js","statementMap":{"0":{"start":{"line":3,"column":16},"end":{"line":3,"column":49}},"1":{"start":{"line":5,"column":17},"end":{"line":11,"column":1}},"2":{"start":{"line":6,"column":4},"end":{"line":10,"column":7}},"3":{"start":{"line":13,"column":14},"end":{"line":26,"column":1}},"4":{"start":{"line":14,"column":4},"end":{"line":25,"column":11}},"5":{"start":{"line":20,"column":12},"end":{"line":22,"column":13}},"6":{"start":{"line":21,"column":16},"end":{"line":21,"column":76}},"7":{"start":{"line":24,"column":12},"end":{"line":24,"column":33}},"8":{"start":{"line":28,"column":15},"end":{"line":30,"column":1}},"9":{"start":{"line":29,"column":4},"end":{"line":29,"column":36}}},"fnMap":{"0":{"name":"(anonymous_0)","decl":{"start":{"line":5,"column":17},"end":{"line":5,"column":18}},"loc":{"start":{"line":5,"column":48},"end":{"line":11,"column":1}},"line":5},"1":{"name":"(anonymous_1)","decl":{"start":{"line":13,"column":14},"end":{"line":13,"column":15}},"loc":{"start":{"line":13,"column":38},"end":{"line":26,"column":1}},"line":13},"2":{"name":"(anonymous_2)","decl":{"start":{"line":19,"column":14},"end":{"line":19,"column":15}},"loc":{"start":{"line":19,"column":28},"end":{"line":25,"column":9}},"line":19},"3":{"name":"(anonymous_3)","decl":{"start":{"line":28,"column":15},"end":{"line":28,"column":16}},"loc":{"start":{"line":28,"column":21},"end":{"line":30,"column":1}},"line":28}},"branchMap":{"0":{"loc":{"start":{"line":20,"column":12},"end":{"line":22,"column":13}},"type":"if","locations":[{"start":{"line":20,"column":12},"end":{"line":22,"column":13}},{"start":{},"end":{}}],"line":20}},"s":{"0":0,"1":0,"2":0,"3":0,"4":0,"5":0,"6":0,"7":0,"8":0,"9":0},"f":{"0":0,"1":0,"2":0,"3":0},"b":{"0":[0,0]}}
,"/home/erich/IdeaProjects/Teacher_Platform/BA_Frontend/src/services/user.service.js": {"path":"/home/erich/IdeaProjects/Teacher_Platform/BA_Frontend/src/services/user.service.js","statementMap":{"0":{"start":{"line":4,"column":16},"end":{"line":4,"column":49}},"1":{"start":{"line":5,"column":23},"end":{"line":5,"column":56}},"2":{"start":{"line":7,"column":25},"end":{"line":9,"column":1}},"3":{"start":{"line":8,"column":4},"end":{"line":8,"column":38}},"4":{"start":{"line":11,"column":21},"end":{"line":13,"column":1}},"5":{"start":{"line":12,"column":4},"end":{"line":12,"column":66}},"6":{"start":{"line":15,"column":26},"end":{"line":17,"column":1}},"7":{"start":{"line":16,"column":4},"end":{"line":16,"column":65}},"8":{"start":{"line":19,"column":22},"end":{"line":21,"column":1}},"9":{"start":{"line":20,"column":4},"end":{"line":20,"column":67}},"10":{"start":{"line":23,"column":26},"end":{"line":25,"column":1}},"11":{"start":{"line":24,"column":4},"end":{"line":24,"column":92}},"12":{"start":{"line":27,"column":23},"end":{"line":29,"column":1}},"13":{"start":{"line":28,"column":4},"end":{"line":28,"column":66}}},"fnMap":{"0":{"name":"(anonymous_0)","decl":{"start":{"line":7,"column":25},"end":{"line":7,"column":26}},"loc":{"start":{"line":7,"column":31},"end":{"line":9,"column":1}},"line":7},"1":{"name":"(anonymous_1)","decl":{"start":{"line":11,"column":21},"end":{"line":11,"column":22}},"loc":{"start":{"line":11,"column":27},"end":{"line":13,"column":1}},"line":11},"2":{"name":"(anonymous_2)","decl":{"start":{"line":15,"column":26},"end":{"line":15,"column":27}},"loc":{"start":{"line":15,"column":32},"end":{"line":17,"column":1}},"line":15},"3":{"name":"(anonymous_3)","decl":{"start":{"line":19,"column":22},"end":{"line":19,"column":23}},"loc":{"start":{"line":19,"column":28},"end":{"line":21,"column":1}},"line":19},"4":{"name":"(anonymous_4)","decl":{"start":{"line":23,"column":26},"end":{"line":23,"column":27}},"loc":{"start":{"line":23,"column":49},"end":{"line":25,"column":1}},"line":23},"5":{"name":"(anonymous_5)","decl":{"start":{"line":27,"column":23},"end":{"line":27,"column":24}},"loc":{"start":{"line":27,"column":31},"end":{"line":29,"column":1}},"line":27}},"branchMap":{},"s":{"0":0,"1":0,"2":0,"3":0,"4":0,"5":0,"6":0,"7":0,"8":0,"9":0,"10":0,"11":0,"12":0,"13":0},"f":{"0":0,"1":0,"2":0,"3":0,"4":0,"5":0},"b":{}}
}
